    OpenRGB v0.9
    Commit:  from 
    Launched: 20250703_215901
====================================================================================================

0     |Info:    Found file: pink.orp attempting to validate header
0     |Info:    Valid v4 profile found for pink
6113  |Info:    Profile loading: Succeeded for ENE DRAM @ I2C: /dev/i2c-1, address 0x72
6113  |Info:    Profile loading: Succeeded for ENE DRAM @ I2C: /dev/i2c-1, address 0x73
6113  |Info:    Profile loading: Succeeded for Palit 4090 Gamerock @ I2C: /dev/i2c-4, address 0x49
6113  |Info:    Profile loading: Succeeded for Keychron Gaming Keyboard 1 @ HID: /dev/hidraw12
6113  |Info:    Profile loading: Succeeded for ASUS ROG STRIX B550-A GAMING @ HID: /dev/hidraw3
9776  |Info:    Found file: pink.orp attempting to validate header
9776  |Info:    Valid v4 profile found for pink
21364 |Info:    Profile loading: Succeeded for ENE DRAM @ I2C: /dev/i2c-1, address 0x72
21364 |Info:    Profile loading: Succeeded for ENE DRAM @ I2C: /dev/i2c-1, address 0x73
21364 |Info:    Profile loading: Succeeded for Palit 4090 Gamerock @ I2C: /dev/i2c-4, address 0x49
21364 |Info:    Profile loading: Succeeded for Keychron Gaming Keyboard 1 @ HID: /dev/hidraw12
21364 |Info:    Profile loading: Succeeded for ASUS ROG STRIX B550-A GAMING @ HID: /dev/hidraw3
21617 |Info:    Profile loading: Succeeded for ENE DRAM @ I2C: /dev/i2c-1, address 0x72
21617 |Info:    Profile loading: Succeeded for ENE DRAM @ I2C: /dev/i2c-1, address 0x73
21617 |Info:    Profile loading: Succeeded for Palit 4090 Gamerock @ I2C: /dev/i2c-4, address 0x49
21617 |Info:    Profile loading: Succeeded for Keychron Gaming Keyboard 1 @ HID: /dev/hidraw12
21617 |Info:    Profile loading: Succeeded for ASUS ROG STRIX B550-A GAMING @ HID: /dev/hidraw3
