    OpenRGB v0.9
    Commit:  from 
    Launched: 20250703_182835
====================================================================================================

0     |Info:    Found file: pink.orp attempting to validate header
0     |Info:    Valid v4 profile found for pink
3589  |Info:    Profile loading: Succeeded for ENE DRAM @ I2C: /dev/i2c-1, address 0x72
3589  |Info:    Profile loading: Succeeded for ENE DRAM @ I2C: /dev/i2c-1, address 0x73
3589  |Info:    Profile loading: Succeeded for Palit 4090 Gamerock @ I2C: /dev/i2c-4, address 0x49
3589  |Info:    Profile loading: Succeeded for Keychron Gaming Keyboard 1 @ HID: /dev/hidraw12
3589  |Info:    Profile loading: Succeeded for ASUS ROG STRIX B550-A GAMING @ HID: /dev/hidraw3
61230 |Info:    Found file: pink.orp attempting to validate header
61230 |Info:    Valid v4 profile found for pink
72511 |Info:    Profile loading: Succeeded for ENE DRAM @ I2C: /dev/i2c-1, address 0x72
72511 |Info:    Profile loading: Succeeded for ENE DRAM @ I2C: /dev/i2c-1, address 0x73
72511 |Info:    Profile loading: Succeeded for Palit 4090 Gamerock @ I2C: /dev/i2c-4, address 0x49
72511 |Info:    Profile loading: Succeeded for Keychron Gaming Keyboard 1 @ HID: /dev/hidraw12
72511 |Info:    Profile loading: Succeeded for ASUS ROG STRIX B550-A GAMING @ HID: /dev/hidraw3
72765 |Info:    Profile loading: Succeeded for ENE DRAM @ I2C: /dev/i2c-1, address 0x72
72765 |Info:    Profile loading: Succeeded for ENE DRAM @ I2C: /dev/i2c-1, address 0x73
72765 |Info:    Profile loading: Succeeded for Palit 4090 Gamerock @ I2C: /dev/i2c-4, address 0x49
72765 |Info:    Profile loading: Succeeded for Keychron Gaming Keyboard 1 @ HID: /dev/hidraw12
72765 |Info:    Profile loading: Succeeded for ASUS ROG STRIX B550-A GAMING @ HID: /dev/hidraw3
