    OpenRGB v0.9+ (1.0rc1)
    Commit:  from 
    Launched: 20250822_123457
====================================================================================================

4     |Info:    [ProfileManager] Found file: pink.orp attempting to validate header
6     |Info:    [ProfileManager] Valid v5 profile found for pink
58    |Info:    [ResourceManager] Initializing HID interfaces: Success
58    |Info:    ------------------------------------------------------
58    |Info:    |               Start device detection               |
58    |Info:    ------------------------------------------------------
70    |Info:    ------------------------------------------------------
70    |Info:    |             Detecting I2C interfaces               |
70    |Info:    ------------------------------------------------------
70    |Info:    [ResourceManager] Registering I2C interface: /dev/i2c-3 Device 1022:790B Subsystem: 1043:87C0
70    |Info:    [ResourceManager] Registering I2C interface: /dev/i2c-1 Device 1022:790B Subsystem: 1043:87C0
70    |Info:    [ResourceManager] Registering I2C interface: /dev/i2c-8 Device 10DE:2684 Subsystem: 1569:F296
70    |Info:    [ResourceManager] Registering I2C interface: /dev/i2c-6 Device 10DE:2684 Subsystem: 1569:F296
71    |Info:    [ResourceManager] Registering I2C interface: /dev/i2c-4 Device 10DE:2684 Subsystem: 1569:F296
71    |Info:    [ResourceManager] Registering I2C interface: /dev/i2c-2 Device 1022:790B Subsystem: 1043:87C0
71    |Info:    [ResourceManager] Registering I2C interface: /dev/i2c-0 Device 0000:0000 Subsystem: 0000:0000
71    |Info:    [ResourceManager] Registering I2C interface: /dev/i2c-9 Device 10DE:2684 Subsystem: 1569:F296
71    |Info:    [ResourceManager] Registering I2C interface: /dev/i2c-7 Device 10DE:2684 Subsystem: 1569:F296
71    |Info:    [ResourceManager] Registering I2C interface: /dev/i2c-5 Device 10DE:2684 Subsystem: 1569:F296
71    |Info:    ------------------------------------------------------
71    |Info:    |               Detecting I2C devices                |
71    |Info:    ------------------------------------------------------
414   |Info:    [ENE DRAM] Registering RGB controller
579   |Info:    [ENE DRAM] Registering RGB controller
1557  |Info:    ------------------------------------------------------
1557  |Info:    |            Detecting I2C DIMM modules              |
1557  |Info:    ------------------------------------------------------
1692  |Info:    ------------------------------------------------------
1692  |Info:    |               Detecting I2C PCI devices            |
1692  |Info:    ------------------------------------------------------
1692  |Info:    [Palit GeForce RTX 4090 Gamerock] Registering RGB controller
1693  |Info:    ------------------------------------------------------
1693  |Info:    |               Detecting HID devices                |
1693  |Info:    ------------------------------------------------------
1722  |Info:    [ASUS ROG STRIX B550-A GAMING] Registering RGB controller
1722  |Info:    ------------------------------------------------------
1722  |Info:    |            Detecting libusb HID devices            |
1722  |Info:    ------------------------------------------------------
1774  |Info:    ------------------------------------------------------
1774  |Info:    |              Detecting other devices               |
1774  |Info:    ------------------------------------------------------
1794  |Info:    [ResourceManager] Calling Post-detection callbacks
1794  |Info:    ------------------------------------------------------
1794  |Info:    |                Detection completed                 |
1794  |Info:    ------------------------------------------------------
1794  |Dialog:  <h2>WARNING:</h2><p>Multiple OpenRGB udev rules are installed.</p><p>The udev rules file 60-openrgb.rules is installed in both /etc/udev/rules.d and /usr/lib/udev/rules.d.</p><p>Multiple udev rules files can conflict, it is recommended to remove one of them.</p>
1794  |Info:    [NetworkServer] Network connection thread started on port 6742
1794  |Info:    [ProfileManager] Profile loading: Succeeded for ENE DRAM @ I2C: /dev/i2c-1, address 0x72
1794  |Info:    [ProfileManager] Profile loading: Succeeded for ENE DRAM @ I2C: /dev/i2c-1, address 0x73
1794  |Info:    [ProfileManager] Profile loading: Succeeded for Palit GeForce RTX 4090 Gamerock @ I2C: /dev/i2c-4, address 0x49
1794  |Info:    [ProfileManager] Profile loading: Succeeded for ASUS ROG STRIX B550-A GAMING @ HID: /dev/hidraw7
11200 |Info:    [NetworkServer] Network server started
11738 |ERROR:   [NetworkServer] recv_select failed receiving magic, closing listener
11738 |Info:    [NetworkServer] Closing server connection: 127.0.0.1
11952 |Info:    [NetworkServer] Network server started
12490 |ERROR:   [NetworkServer] recv_select failed receiving magic, closing listener
12490 |Info:    [NetworkServer] Closing server connection: 127.0.0.1
12694 |Info:    [NetworkServer] Network server started
13232 |ERROR:   [NetworkServer] recv_select failed receiving magic, closing listener
13232 |Info:    [NetworkServer] Closing server connection: 127.0.0.1
13447 |Info:    [NetworkServer] Network server started
13985 |ERROR:   [NetworkServer] recv_select failed receiving magic, closing listener
13985 |Info:    [NetworkServer] Closing server connection: 127.0.0.1
14191 |Info:    [NetworkServer] Network server started
14729 |ERROR:   [NetworkServer] recv_select failed receiving magic, closing listener
14729 |Info:    [NetworkServer] Closing server connection: 127.0.0.1
30933 |Info:    [NetworkServer] Network server started
