    OpenRGB v0.9+ (1.0rc1)
    Commit:  from 
    Launched: 20250905_124806
====================================================================================================

7     |Info:    [ProfileManager] Found file: pink.orp attempting to validate header
8     |Info:    [ProfileManager] Valid v5 profile found for pink
62    |Info:    [ResourceManager] Initializing HID interfaces: Success
62    |Info:    ------------------------------------------------------
62    |Info:    |               Start device detection               |
62    |Info:    ------------------------------------------------------
74    |Info:    ------------------------------------------------------
74    |Info:    |             Detecting I2C interfaces               |
74    |Info:    ------------------------------------------------------
74    |Info:    [ResourceManager] Registering I2C interface: /dev/i2c-3 Device 1022:790B Subsystem: 1043:87C0
74    |Info:    [ResourceManager] Registering I2C interface: /dev/i2c-1 Device 1022:790B Subsystem: 1043:87C0
74    |Info:    [ResourceManager] Registering I2C interface: /dev/i2c-8 Device 10DE:2684 Subsystem: 1569:F296
74    |Info:    [ResourceManager] Registering I2C interface: /dev/i2c-6 Device 10DE:2684 Subsystem: 1569:F296
74    |Info:    [ResourceManager] Registering I2C interface: /dev/i2c-4 Device 10DE:2684 Subsystem: 1569:F296
74    |Info:    [ResourceManager] Registering I2C interface: /dev/i2c-2 Device 1022:790B Subsystem: 1043:87C0
74    |Info:    [ResourceManager] Registering I2C interface: /dev/i2c-0 Device 0000:0000 Subsystem: 0000:0000
74    |Info:    [ResourceManager] Registering I2C interface: /dev/i2c-9 Device 10DE:2684 Subsystem: 1569:F296
74    |Info:    [ResourceManager] Registering I2C interface: /dev/i2c-7 Device 10DE:2684 Subsystem: 1569:F296
75    |Info:    [ResourceManager] Registering I2C interface: /dev/i2c-5 Device 10DE:2684 Subsystem: 1569:F296
75    |Info:    ------------------------------------------------------
75    |Info:    |               Detecting I2C devices                |
75    |Info:    ------------------------------------------------------
428   |Info:    [ENE DRAM] Registering RGB controller
596   |Info:    [ENE DRAM] Registering RGB controller
1568  |Info:    ------------------------------------------------------
1568  |Info:    |            Detecting I2C DIMM modules              |
1568  |Info:    ------------------------------------------------------
1700  |Info:    ------------------------------------------------------
1700  |Info:    |               Detecting I2C PCI devices            |
1700  |Info:    ------------------------------------------------------
1701  |Info:    [Palit GeForce RTX 4090 Gamerock] Registering RGB controller
1702  |Info:    ------------------------------------------------------
1702  |Info:    |               Detecting HID devices                |
1702  |Info:    ------------------------------------------------------
1726  |Info:    [ASUS ROG STRIX B550-A GAMING] Registering RGB controller
1726  |Info:    ------------------------------------------------------
1726  |Info:    |            Detecting libusb HID devices            |
1726  |Info:    ------------------------------------------------------
1776  |Info:    ------------------------------------------------------
1776  |Info:    |              Detecting other devices               |
1776  |Info:    ------------------------------------------------------
1801  |Info:    [ResourceManager] Calling Post-detection callbacks
1801  |Info:    ------------------------------------------------------
1801  |Info:    |                Detection completed                 |
1801  |Info:    ------------------------------------------------------
1801  |Dialog:  <h2>WARNING:</h2><p>Multiple OpenRGB udev rules are installed.</p><p>The udev rules file 60-openrgb.rules is installed in both /etc/udev/rules.d and /usr/lib/udev/rules.d.</p><p>Multiple udev rules files can conflict, it is recommended to remove one of them.</p>
1802  |Info:    [NetworkServer] Network connection thread started on port 6742
1802  |Info:    [ProfileManager] Profile loading: Succeeded for ENE DRAM @ I2C: /dev/i2c-1, address 0x72
1802  |Info:    [ProfileManager] Profile loading: Succeeded for ENE DRAM @ I2C: /dev/i2c-1, address 0x73
1802  |Info:    [ProfileManager] Profile loading: Succeeded for Palit GeForce RTX 4090 Gamerock @ I2C: /dev/i2c-4, address 0x49
1802  |Info:    [ProfileManager] Profile loading: Succeeded for ASUS ROG STRIX B550-A GAMING @ HID: /dev/hidraw6
2354  |Info:    [NetworkServer] Network server started
10823 |Info:    [NetworkServer] Network server started
11360 |ERROR:   [NetworkServer] recv_select failed receiving magic, closing listener
11360 |Info:    [NetworkServer] Closing server connection: 127.0.0.1
11570 |Info:    [NetworkServer] Network server started
12107 |ERROR:   [NetworkServer] recv_select failed receiving magic, closing listener
12107 |Info:    [NetworkServer] Closing server connection: 127.0.0.1
12319 |Info:    [NetworkServer] Network server started
12856 |ERROR:   [NetworkServer] recv_select failed receiving magic, closing listener
12856 |Info:    [NetworkServer] Closing server connection: 127.0.0.1
13076 |Info:    [NetworkServer] Network server started
13613 |ERROR:   [NetworkServer] recv_select failed receiving magic, closing listener
13613 |Info:    [NetworkServer] Closing server connection: 127.0.0.1
13816 |Info:    [NetworkServer] Network server started
14353 |ERROR:   [NetworkServer] recv_select failed receiving magic, closing listener
14353 |Info:    [NetworkServer] Closing server connection: 127.0.0.1
