    OpenRGB v0.9+ (1.0rc1)
    Commit:  from 
    Launched: 20250904_001937
====================================================================================================

0     |Info:    [ProfileManager] Found file: pink.orp attempting to validate header
1     |Info:    [ProfileManager] Valid v5 profile found for pink
54    |Info:    [ResourceManager] Initializing HID interfaces: Success
54    |Info:    ------------------------------------------------------
54    |Info:    |               Start device detection               |
54    |Info:    ------------------------------------------------------
66    |Info:    ------------------------------------------------------
66    |Info:    |             Detecting I2C interfaces               |
66    |Info:    ------------------------------------------------------
66    |Info:    [ResourceManager] Registering I2C interface: /dev/i2c-3 Device 1022:790B Subsystem: 1043:87C0
66    |Info:    [ResourceManager] Registering I2C interface: /dev/i2c-1 Device 1022:790B Subsystem: 1043:87C0
66    |Info:    [ResourceManager] Registering I2C interface: /dev/i2c-8 Device 10DE:2684 Subsystem: 1569:F296
66    |Info:    [ResourceManager] Registering I2C interface: /dev/i2c-6 Device 10DE:2684 Subsystem: 1569:F296
66    |Info:    [ResourceManager] Registering I2C interface: /dev/i2c-4 Device 10DE:2684 Subsystem: 1569:F296
66    |Info:    [ResourceManager] Registering I2C interface: /dev/i2c-2 Device 1022:790B Subsystem: 1043:87C0
66    |Info:    [ResourceManager] Registering I2C interface: /dev/i2c-0 Device 0000:0000 Subsystem: 0000:0000
66    |Info:    [ResourceManager] Registering I2C interface: /dev/i2c-9 Device 10DE:2684 Subsystem: 1569:F296
66    |Info:    [ResourceManager] Registering I2C interface: /dev/i2c-7 Device 10DE:2684 Subsystem: 1569:F296
66    |Info:    [ResourceManager] Registering I2C interface: /dev/i2c-5 Device 10DE:2684 Subsystem: 1569:F296
66    |Info:    ------------------------------------------------------
66    |Info:    |               Detecting I2C devices                |
66    |Info:    ------------------------------------------------------
422   |Info:    [ENE DRAM] Registering RGB controller
606   |Info:    [ENE DRAM] Registering RGB controller
1640  |Info:    ------------------------------------------------------
1640  |Info:    |            Detecting I2C DIMM modules              |
1640  |Info:    ------------------------------------------------------
1777  |Info:    ------------------------------------------------------
1777  |Info:    |               Detecting I2C PCI devices            |
1777  |Info:    ------------------------------------------------------
1778  |Info:    [Palit GeForce RTX 4090 Gamerock] Registering RGB controller
1779  |Info:    ------------------------------------------------------
1779  |Info:    |               Detecting HID devices                |
1779  |Info:    ------------------------------------------------------
1856  |Info:    [ASUS ROG STRIX B550-A GAMING] Registering RGB controller
1856  |Info:    ------------------------------------------------------
1856  |Info:    |            Detecting libusb HID devices            |
1856  |Info:    ------------------------------------------------------
1900  |Info:    ------------------------------------------------------
1901  |Info:    |              Detecting other devices               |
1901  |Info:    ------------------------------------------------------
1917  |Info:    [ResourceManager] Calling Post-detection callbacks
1917  |Info:    ------------------------------------------------------
1917  |Info:    |                Detection completed                 |
1917  |Info:    ------------------------------------------------------
1917  |Dialog:  <h2>WARNING:</h2><p>Multiple OpenRGB udev rules are installed.</p><p>The udev rules file 60-openrgb.rules is installed in both /etc/udev/rules.d and /usr/lib/udev/rules.d.</p><p>Multiple udev rules files can conflict, it is recommended to remove one of them.</p>
1917  |ERROR:   [NetworkServer] Could not bind network socket. Is port 6742 already being used?
1918  |Info:    [ProfileManager] Profile loading: Succeeded for ENE DRAM @ I2C: /dev/i2c-1, address 0x72
1918  |Info:    [ProfileManager] Profile loading: Succeeded for ENE DRAM @ I2C: /dev/i2c-1, address 0x73
1918  |Info:    [ProfileManager] Profile loading: Succeeded for Palit GeForce RTX 4090 Gamerock @ I2C: /dev/i2c-4, address 0x49
1918  |Info:    [ProfileManager] Profile loading: Succeeded for ASUS ROG STRIX B550-A GAMING @ HID: /dev/hidraw7
