    OpenRGB v0.9+ (1.0rc1)
    Commit:  from 
    Launched: 20250828_140523
====================================================================================================

6     |Info:    [ProfileManager] Found file: pink.orp attempting to validate header
8     |Info:    [ProfileManager] Valid v5 profile found for pink
62    |Info:    [ResourceManager] Initializing HID interfaces: Success
62    |Info:    ------------------------------------------------------
62    |Info:    |               Start device detection               |
62    |Info:    ------------------------------------------------------
72    |Info:    ------------------------------------------------------
72    |Info:    |             Detecting I2C interfaces               |
72    |Info:    ------------------------------------------------------
73    |Info:    [ResourceManager] Registering I2C interface: /dev/i2c-3 Device 1022:790B Subsystem: 1043:87C0
73    |Info:    [ResourceManager] Registering I2C interface: /dev/i2c-1 Device 1022:790B Subsystem: 1043:87C0
73    |Info:    [ResourceManager] Registering I2C interface: /dev/i2c-8 Device 10DE:2684 Subsystem: 1569:F296
73    |Info:    [ResourceManager] Registering I2C interface: /dev/i2c-6 Device 10DE:2684 Subsystem: 1569:F296
73    |Info:    [ResourceManager] Registering I2C interface: /dev/i2c-4 Device 10DE:2684 Subsystem: 1569:F296
73    |Info:    [ResourceManager] Registering I2C interface: /dev/i2c-2 Device 1022:790B Subsystem: 1043:87C0
73    |Info:    [ResourceManager] Registering I2C interface: /dev/i2c-0 Device 0000:0000 Subsystem: 0000:0000
73    |Info:    [ResourceManager] Registering I2C interface: /dev/i2c-9 Device 10DE:2684 Subsystem: 1569:F296
73    |Info:    [ResourceManager] Registering I2C interface: /dev/i2c-7 Device 10DE:2684 Subsystem: 1569:F296
73    |Info:    [ResourceManager] Registering I2C interface: /dev/i2c-5 Device 10DE:2684 Subsystem: 1569:F296
73    |Info:    ------------------------------------------------------
73    |Info:    |               Detecting I2C devices                |
73    |Info:    ------------------------------------------------------
418   |Info:    [ENE DRAM] Registering RGB controller
581   |Info:    [ENE DRAM] Registering RGB controller
1570  |Info:    ------------------------------------------------------
1570  |Info:    |            Detecting I2C DIMM modules              |
1570  |Info:    ------------------------------------------------------
1706  |Info:    ------------------------------------------------------
1706  |Info:    |               Detecting I2C PCI devices            |
1706  |Info:    ------------------------------------------------------
1707  |Info:    [Palit GeForce RTX 4090 Gamerock] Registering RGB controller
1708  |Info:    ------------------------------------------------------
1708  |Info:    |               Detecting HID devices                |
1708  |Info:    ------------------------------------------------------
1734  |Info:    [ASUS ROG STRIX B550-A GAMING] Registering RGB controller
1734  |Info:    ------------------------------------------------------
1734  |Info:    |            Detecting libusb HID devices            |
1734  |Info:    ------------------------------------------------------
1782  |Info:    ------------------------------------------------------
1782  |Info:    |              Detecting other devices               |
1782  |Info:    ------------------------------------------------------
1807  |Info:    [ResourceManager] Calling Post-detection callbacks
1807  |Info:    ------------------------------------------------------
1807  |Info:    |                Detection completed                 |
1807  |Info:    ------------------------------------------------------
1807  |Dialog:  <h2>WARNING:</h2><p>Multiple OpenRGB udev rules are installed.</p><p>The udev rules file 60-openrgb.rules is installed in both /etc/udev/rules.d and /usr/lib/udev/rules.d.</p><p>Multiple udev rules files can conflict, it is recommended to remove one of them.</p>
1807  |Info:    [NetworkServer] Network connection thread started on port 6742
1808  |Info:    [ProfileManager] Profile loading: Succeeded for ENE DRAM @ I2C: /dev/i2c-1, address 0x72
1808  |Info:    [ProfileManager] Profile loading: Succeeded for ENE DRAM @ I2C: /dev/i2c-1, address 0x73
1808  |Info:    [ProfileManager] Profile loading: Succeeded for Palit GeForce RTX 4090 Gamerock @ I2C: /dev/i2c-4, address 0x49
1808  |Info:    [ProfileManager] Profile loading: Succeeded for ASUS ROG STRIX B550-A GAMING @ HID: /dev/hidraw6
11379 |Info:    [NetworkServer] Network server started
11917 |ERROR:   [NetworkServer] recv_select failed receiving magic, closing listener
11917 |Info:    [NetworkServer] Closing server connection: 127.0.0.1
12128 |Info:    [NetworkServer] Network server started
12665 |ERROR:   [NetworkServer] recv_select failed receiving magic, closing listener
12665 |Info:    [NetworkServer] Closing server connection: 127.0.0.1
12877 |Info:    [NetworkServer] Network server started
13414 |ERROR:   [NetworkServer] recv_select failed receiving magic, closing listener
13414 |Info:    [NetworkServer] Closing server connection: 127.0.0.1
13624 |Info:    [NetworkServer] Network server started
14161 |ERROR:   [NetworkServer] recv_select failed receiving magic, closing listener
14161 |Info:    [NetworkServer] Closing server connection: 127.0.0.1
14387 |Info:    [NetworkServer] Network server started
14924 |ERROR:   [NetworkServer] recv_select failed receiving magic, closing listener
14924 |Info:    [NetworkServer] Closing server connection: 127.0.0.1
16125 |Info:    [NetworkServer] Network server started
3831193|Info:    [NetworkServer] Network server started
4772414|ERROR:   [NetworkServer] recv_select failed receiving magic, closing listener
4772414|Info:    [NetworkServer] Closing server connection: 192.168.0.160
4797936|Info:    [NetworkServer] Network server started
