    OpenRGB v0.9+ (1.0rc1)
    Commit:  from 
    Launched: 20250822_141907
====================================================================================================

6     |Info:    [ProfileManager] Found file: pink.orp attempting to validate header
7     |Info:    [ProfileManager] Valid v5 profile found for pink
61    |Info:    [ResourceManager] Initializing HID interfaces: Success
61    |Info:    ------------------------------------------------------
61    |Info:    |               Start device detection               |
61    |Info:    ------------------------------------------------------
72    |Info:    ------------------------------------------------------
72    |Info:    |             Detecting I2C interfaces               |
72    |Info:    ------------------------------------------------------
72    |Info:    [ResourceManager] Registering I2C interface: /dev/i2c-3 Device 1022:790B Subsystem: 1043:87C0
72    |Info:    [ResourceManager] Registering I2C interface: /dev/i2c-1 Device 1022:790B Subsystem: 1043:87C0
72    |Info:    [ResourceManager] Registering I2C interface: /dev/i2c-8 Device 10DE:2684 Subsystem: 1569:F296
72    |Info:    [ResourceManager] Registering I2C interface: /dev/i2c-6 Device 10DE:2684 Subsystem: 1569:F296
72    |Info:    [ResourceManager] Registering I2C interface: /dev/i2c-4 Device 10DE:2684 Subsystem: 1569:F296
72    |Info:    [ResourceManager] Registering I2C interface: /dev/i2c-2 Device 1022:790B Subsystem: 1043:87C0
72    |Info:    [ResourceManager] Registering I2C interface: /dev/i2c-0 Device 0000:0000 Subsystem: 0000:0000
72    |Info:    [ResourceManager] Registering I2C interface: /dev/i2c-9 Device 10DE:2684 Subsystem: 1569:F296
72    |Info:    [ResourceManager] Registering I2C interface: /dev/i2c-7 Device 10DE:2684 Subsystem: 1569:F296
72    |Info:    [ResourceManager] Registering I2C interface: /dev/i2c-5 Device 10DE:2684 Subsystem: 1569:F296
72    |Info:    ------------------------------------------------------
72    |Info:    |               Detecting I2C devices                |
72    |Info:    ------------------------------------------------------
425   |Info:    [ENE DRAM] Registering RGB controller
592   |Info:    [ENE DRAM] Registering RGB controller
1587  |Info:    ------------------------------------------------------
1587  |Info:    |            Detecting I2C DIMM modules              |
1587  |Info:    ------------------------------------------------------
1720  |Info:    ------------------------------------------------------
1720  |Info:    |               Detecting I2C PCI devices            |
1720  |Info:    ------------------------------------------------------
1720  |Info:    [Palit GeForce RTX 4090 Gamerock] Registering RGB controller
1721  |Info:    ------------------------------------------------------
1721  |Info:    |               Detecting HID devices                |
1721  |Info:    ------------------------------------------------------
1747  |Info:    [ASUS ROG STRIX B550-A GAMING] Registering RGB controller
1747  |Info:    ------------------------------------------------------
1747  |Info:    |            Detecting libusb HID devices            |
1747  |Info:    ------------------------------------------------------
1797  |Info:    ------------------------------------------------------
1797  |Info:    |              Detecting other devices               |
1797  |Info:    ------------------------------------------------------
1829  |Info:    [ResourceManager] Calling Post-detection callbacks
1829  |Info:    ------------------------------------------------------
1829  |Info:    |                Detection completed                 |
1829  |Info:    ------------------------------------------------------
1829  |Dialog:  <h2>WARNING:</h2><p>Multiple OpenRGB udev rules are installed.</p><p>The udev rules file 60-openrgb.rules is installed in both /etc/udev/rules.d and /usr/lib/udev/rules.d.</p><p>Multiple udev rules files can conflict, it is recommended to remove one of them.</p>
1829  |Info:    [NetworkServer] Network connection thread started on port 6742
1830  |Info:    [ProfileManager] Profile loading: Succeeded for ENE DRAM @ I2C: /dev/i2c-1, address 0x72
1830  |Info:    [ProfileManager] Profile loading: Succeeded for ENE DRAM @ I2C: /dev/i2c-1, address 0x73
1830  |Info:    [ProfileManager] Profile loading: Succeeded for Palit GeForce RTX 4090 Gamerock @ I2C: /dev/i2c-4, address 0x49
1830  |Info:    [ProfileManager] Profile loading: Succeeded for ASUS ROG STRIX B550-A GAMING @ HID: /dev/hidraw7
2692  |Info:    [NetworkServer] Network server started
3231  |ERROR:   [NetworkServer] recv_select failed receiving magic, closing listener
3231  |Info:    [NetworkServer] Closing server connection: 127.0.0.1
3444  |Info:    [NetworkServer] Network server started
3981  |ERROR:   [NetworkServer] recv_select failed receiving magic, closing listener
3981  |Info:    [NetworkServer] Closing server connection: 127.0.0.1
4199  |Info:    [NetworkServer] Network server started
4737  |ERROR:   [NetworkServer] recv_select failed receiving magic, closing listener
4737  |Info:    [NetworkServer] Closing server connection: 127.0.0.1
4949  |Info:    [NetworkServer] Network server started
5487  |ERROR:   [NetworkServer] recv_select failed receiving magic, closing listener
5487  |Info:    [NetworkServer] Closing server connection: 127.0.0.1
5697  |Info:    [NetworkServer] Network server started
6235  |ERROR:   [NetworkServer] recv_select failed receiving magic, closing listener
6235  |Info:    [NetworkServer] Closing server connection: 127.0.0.1
