    OpenRGB v0.9+ (1.0rc1)
    Commit:  from 
    Launched: 20250817_120232
====================================================================================================

93    |Info:    [ProfileManager] Found file: pink.orp attempting to validate header
124   |Info:    [ProfileManager] Valid v4 profile found for pink
288   |Info:    [ResourceManager] Initializing HID interfaces: Success
288   |Info:    ------------------------------------------------------
288   |Info:    |               Start device detection               |
288   |Info:    ------------------------------------------------------
299   |Info:    ------------------------------------------------------
299   |Info:    |             Detecting I2C interfaces               |
299   |Info:    ------------------------------------------------------
299   |Info:    [ResourceManager] Registering I2C interface: /dev/i2c-3 Device 1022:790B Subsystem: 1043:87C0
299   |Info:    [ResourceManager] Registering I2C interface: /dev/i2c-1 Device 1022:790B Subsystem: 1043:87C0
299   |Info:    [ResourceManager] Registering I2C interface: /dev/i2c-8 Device 10DE:2684 Subsystem: 1569:F296
299   |Info:    [ResourceManager] Registering I2C interface: /dev/i2c-6 Device 10DE:2684 Subsystem: 1569:F296
299   |Info:    [ResourceManager] Registering I2C interface: /dev/i2c-4 Device 10DE:2684 Subsystem: 1569:F296
299   |Info:    [ResourceManager] Registering I2C interface: /dev/i2c-2 Device 1022:790B Subsystem: 1043:87C0
299   |Info:    [ResourceManager] Registering I2C interface: /dev/i2c-0 Device 0000:0000 Subsystem: 0000:0000
299   |Info:    [ResourceManager] Registering I2C interface: /dev/i2c-9 Device 10DE:2684 Subsystem: 1569:F296
299   |Info:    [ResourceManager] Registering I2C interface: /dev/i2c-7 Device 10DE:2684 Subsystem: 1569:F296
299   |Info:    [ResourceManager] Registering I2C interface: /dev/i2c-5 Device 10DE:2684 Subsystem: 1569:F296
299   |Info:    ------------------------------------------------------
299   |Info:    |               Detecting I2C devices                |
299   |Info:    ------------------------------------------------------
716   |Info:    [ENE DRAM] Registering RGB controller
1113  |Info:    [ENE DRAM] Registering RGB controller
2078  |Info:    ------------------------------------------------------
2088  |Info:    |            Detecting I2C DIMM modules              |
2088  |Info:    ------------------------------------------------------
2222  |Info:    ------------------------------------------------------
2225  |Info:    |               Detecting I2C PCI devices            |
2225  |Info:    ------------------------------------------------------
2225  |Info:    [Palit GeForce RTX 4090 Gamerock] Registering RGB controller
2226  |Info:    ------------------------------------------------------
2226  |Info:    |               Detecting HID devices                |
2226  |Info:    ------------------------------------------------------
2301  |Info:    [ASUS ROG STRIX B550-A GAMING] Registering RGB controller
2301  |Info:    ------------------------------------------------------
2301  |Info:    |            Detecting libusb HID devices            |
2301  |Info:    ------------------------------------------------------
2393  |Info:    ------------------------------------------------------
2393  |Info:    |              Detecting other devices               |
2393  |Info:    ------------------------------------------------------
2663  |Info:    [ResourceManager] Calling Post-detection callbacks
2664  |Info:    ------------------------------------------------------
2664  |Info:    |                Detection completed                 |
2664  |Info:    ------------------------------------------------------
2664  |Dialog:  <h2>WARNING:</h2><p>Multiple OpenRGB udev rules are installed.</p><p>The udev rules file 60-openrgb.rules is installed in both /etc/udev/rules.d and /usr/lib/udev/rules.d.</p><p>Multiple udev rules files can conflict, it is recommended to remove one of them.</p>
2664  |Info:    [NetworkServer] Network connection thread started on port 6742
2703  |Info:    [ProfileManager] Profile loading: Succeeded for ENE DRAM @ I2C: /dev/i2c-1, address 0x72
2703  |Info:    [ProfileManager] Profile loading: Succeeded for ENE DRAM @ I2C: /dev/i2c-1, address 0x73
2703  |Info:    [ProfileManager] Profile loading: FAILED! for Palit GeForce RTX 4090 Gamerock @ I2C: /dev/i2c-4, address 0x49
2703  |Info:    [ProfileManager] Profile loading: FAILED! for ASUS ROG STRIX B550-A GAMING @ HID: /dev/hidraw7
6052  |Info:    [NetworkServer] Network server started
