    OpenRGB v0.9+ (1.0rc1)
    Commit:  from 
    Launched: 20250905_213342
====================================================================================================

1     |Info:    [ProfileManager] Found file: pink.orp attempting to validate header
1     |Info:    [ProfileManager] Valid v5 profile found for pink
55    |Info:    [ResourceManager] Initializing HID interfaces: Success
55    |Info:    ------------------------------------------------------
55    |Info:    |               Start device detection               |
55    |Info:    ------------------------------------------------------
69    |Info:    ------------------------------------------------------
69    |Info:    |             Detecting I2C interfaces               |
69    |Info:    ------------------------------------------------------
69    |Info:    [ResourceManager] Registering I2C interface: /dev/i2c-3 Device 1022:790B Subsystem: 1043:87C0
69    |Info:    [ResourceManager] Registering I2C interface: /dev/i2c-1 Device 1022:790B Subsystem: 1043:87C0
69    |Info:    [ResourceManager] Registering I2C interface: /dev/i2c-8 Device 10DE:2684 Subsystem: 1569:F296
70    |Info:    [ResourceManager] Registering I2C interface: /dev/i2c-6 Device 10DE:2684 Subsystem: 1569:F296
70    |Info:    [ResourceManager] Registering I2C interface: /dev/i2c-4 Device 10DE:2684 Subsystem: 1569:F296
70    |Info:    [ResourceManager] Registering I2C interface: /dev/i2c-2 Device 1022:790B Subsystem: 1043:87C0
70    |Info:    [ResourceManager] Registering I2C interface: /dev/i2c-0 Device 0000:0000 Subsystem: 0000:0000
70    |Info:    [ResourceManager] Registering I2C interface: /dev/i2c-9 Device 10DE:2684 Subsystem: 1569:F296
70    |Info:    [ResourceManager] Registering I2C interface: /dev/i2c-7 Device 10DE:2684 Subsystem: 1569:F296
70    |Info:    [ResourceManager] Registering I2C interface: /dev/i2c-5 Device 10DE:2684 Subsystem: 1569:F296
70    |Info:    ------------------------------------------------------
70    |Info:    |               Detecting I2C devices                |
70    |Info:    ------------------------------------------------------
423   |Info:    [ENE DRAM] Registering RGB controller
590   |Info:    [ENE DRAM] Registering RGB controller
1570  |Info:    ------------------------------------------------------
1570  |Info:    |            Detecting I2C DIMM modules              |
1570  |Info:    ------------------------------------------------------
1706  |Info:    ------------------------------------------------------
1706  |Info:    |               Detecting I2C PCI devices            |
1706  |Info:    ------------------------------------------------------
1707  |Info:    [Palit GeForce RTX 4090 Gamerock] Registering RGB controller
1708  |Info:    ------------------------------------------------------
1708  |Info:    |               Detecting HID devices                |
1708  |Info:    ------------------------------------------------------
1785  |Info:    [ASUS ROG STRIX B550-A GAMING] Registering RGB controller
1785  |Info:    ------------------------------------------------------
1785  |Info:    |            Detecting libusb HID devices            |
1785  |Info:    ------------------------------------------------------
1862  |Info:    ------------------------------------------------------
1862  |Info:    |              Detecting other devices               |
1862  |Info:    ------------------------------------------------------
1874  |Info:    [ResourceManager] Calling Post-detection callbacks
1874  |Info:    ------------------------------------------------------
1874  |Info:    |                Detection completed                 |
1874  |Info:    ------------------------------------------------------
1874  |Dialog:  <h2>WARNING:</h2><p>Multiple OpenRGB udev rules are installed.</p><p>The udev rules file 60-openrgb.rules is installed in both /etc/udev/rules.d and /usr/lib/udev/rules.d.</p><p>Multiple udev rules files can conflict, it is recommended to remove one of them.</p>
1874  |Info:    [NetworkServer] Network connection thread started on port 6742
1874  |Info:    [ProfileManager] Profile loading: Succeeded for ENE DRAM @ I2C: /dev/i2c-1, address 0x72
1874  |Info:    [ProfileManager] Profile loading: Succeeded for ENE DRAM @ I2C: /dev/i2c-1, address 0x73
1874  |Info:    [ProfileManager] Profile loading: Succeeded for Palit GeForce RTX 4090 Gamerock @ I2C: /dev/i2c-4, address 0x49
1874  |Info:    [ProfileManager] Profile loading: Succeeded for ASUS ROG STRIX B550-A GAMING @ HID: /dev/hidraw7
28243 |Info:    [NetworkServer] Network server started
