    OpenRGB v0.9+ (1.0rc1)
    Commit:  from 
    Launched: 20250817_121107
====================================================================================================

0     |Info:    [ProfileManager] Found file: pink.orp attempting to validate header
0     |Info:    [ProfileManager] Valid v4 profile found for pink
53    |Info:    [ResourceManager] Initializing HID interfaces: Success
53    |Info:    ------------------------------------------------------
53    |Info:    |               Start device detection               |
53    |Info:    ------------------------------------------------------
63    |Info:    ------------------------------------------------------
63    |Info:    |             Detecting I2C interfaces               |
63    |Info:    ------------------------------------------------------
63    |Info:    [ResourceManager] Registering I2C interface: /dev/i2c-3 Device 1022:790B Subsystem: 1043:87C0
63    |Info:    [ResourceManager] Registering I2C interface: /dev/i2c-1 Device 1022:790B Subsystem: 1043:87C0
63    |Info:    [ResourceManager] Registering I2C interface: /dev/i2c-8 Device 10DE:2684 Subsystem: 1569:F296
63    |Info:    [ResourceManager] Registering I2C interface: /dev/i2c-6 Device 10DE:2684 Subsystem: 1569:F296
63    |Info:    [ResourceManager] Registering I2C interface: /dev/i2c-4 Device 10DE:2684 Subsystem: 1569:F296
63    |Info:    [ResourceManager] Registering I2C interface: /dev/i2c-2 Device 1022:790B Subsystem: 1043:87C0
64    |Info:    [ResourceManager] Registering I2C interface: /dev/i2c-0 Device 0000:0000 Subsystem: 0000:0000
64    |Info:    [ResourceManager] Registering I2C interface: /dev/i2c-9 Device 10DE:2684 Subsystem: 1569:F296
64    |Info:    [ResourceManager] Registering I2C interface: /dev/i2c-7 Device 10DE:2684 Subsystem: 1569:F296
64    |Info:    [ResourceManager] Registering I2C interface: /dev/i2c-5 Device 10DE:2684 Subsystem: 1569:F296
64    |Info:    ------------------------------------------------------
64    |Info:    |               Detecting I2C devices                |
64    |Info:    ------------------------------------------------------
427   |Info:    [ENE DRAM] Registering RGB controller
607   |Info:    [ENE DRAM] Registering RGB controller
1612  |Info:    ------------------------------------------------------
1612  |Info:    |            Detecting I2C DIMM modules              |
1612  |Info:    ------------------------------------------------------
1746  |Info:    ------------------------------------------------------
1746  |Info:    |               Detecting I2C PCI devices            |
1746  |Info:    ------------------------------------------------------
1747  |Info:    [Palit GeForce RTX 4090 Gamerock] Registering RGB controller
1748  |Info:    ------------------------------------------------------
1748  |Info:    |               Detecting HID devices                |
1748  |Info:    ------------------------------------------------------
1826  |Info:    [ASUS ROG STRIX B550-A GAMING] Registering RGB controller
1826  |Info:    ------------------------------------------------------
1826  |Info:    |            Detecting libusb HID devices            |
1826  |Info:    ------------------------------------------------------
1871  |Info:    ------------------------------------------------------
1871  |Info:    |              Detecting other devices               |
1871  |Info:    ------------------------------------------------------
1885  |Info:    [ResourceManager] Calling Post-detection callbacks
1885  |Info:    ------------------------------------------------------
1885  |Info:    |                Detection completed                 |
1885  |Info:    ------------------------------------------------------
1885  |Dialog:  <h2>WARNING:</h2><p>Multiple OpenRGB udev rules are installed.</p><p>The udev rules file 60-openrgb.rules is installed in both /etc/udev/rules.d and /usr/lib/udev/rules.d.</p><p>Multiple udev rules files can conflict, it is recommended to remove one of them.</p>
1885  |Info:    [NetworkServer] Network connection thread started on port 6742
1885  |Info:    [ProfileManager] Profile loading: Succeeded for ENE DRAM @ I2C: /dev/i2c-1, address 0x72
1885  |Info:    [ProfileManager] Profile loading: Succeeded for ENE DRAM @ I2C: /dev/i2c-1, address 0x73
1885  |Info:    [ProfileManager] Profile loading: FAILED! for Palit GeForce RTX 4090 Gamerock @ I2C: /dev/i2c-4, address 0x49
1885  |Info:    [ProfileManager] Profile loading: FAILED! for ASUS ROG STRIX B550-A GAMING @ HID: /dev/hidraw7
30605 |Info:    [NetworkServer] Network server started
