    OpenRGB v0.9+ (1.0rc1)
    Commit:  from 
    Launched: 20250816_191949
====================================================================================================

2     |Info:    [ProfileManager] Found file: pink.orp attempting to validate header
3     |Info:    [ProfileManager] Valid v4 profile found for pink
56    |Info:    [ResourceManager] Saving detector settings
58    |Info:    [ResourceManager] Initializing HID interfaces: Success
58    |Info:    ------------------------------------------------------
58    |Info:    |               Start device detection               |
58    |Info:    ------------------------------------------------------
67    |Info:    ------------------------------------------------------
67    |Info:    |             Detecting I2C interfaces               |
67    |Info:    ------------------------------------------------------
67    |Info:    [ResourceManager] Registering I2C interface: /dev/i2c-3 Device 1022:790B Subsystem: 1043:87C0
67    |Info:    [ResourceManager] Registering I2C interface: /dev/i2c-1 Device 1022:790B Subsystem: 1043:87C0
67    |Info:    [ResourceManager] Registering I2C interface: /dev/i2c-8 Device 10DE:2684 Subsystem: 1569:F296
67    |Info:    [ResourceManager] Registering I2C interface: /dev/i2c-6 Device 10DE:2684 Subsystem: 1569:F296
67    |Info:    [ResourceManager] Registering I2C interface: /dev/i2c-4 Device 10DE:2684 Subsystem: 1569:F296
68    |Info:    [ResourceManager] Registering I2C interface: /dev/i2c-2 Device 1022:790B Subsystem: 1043:87C0
68    |Info:    [ResourceManager] Registering I2C interface: /dev/i2c-0 Device 0000:0000 Subsystem: 0000:0000
68    |Info:    [ResourceManager] Registering I2C interface: /dev/i2c-9 Device 10DE:2684 Subsystem: 1569:F296
68    |Info:    [ResourceManager] Registering I2C interface: /dev/i2c-7 Device 10DE:2684 Subsystem: 1569:F296
68    |Info:    [ResourceManager] Registering I2C interface: /dev/i2c-5 Device 10DE:2684 Subsystem: 1569:F296
68    |Info:    ------------------------------------------------------
68    |Info:    |               Detecting I2C devices                |
68    |Info:    ------------------------------------------------------
432   |Info:    [ENE DRAM] Registering RGB controller
602   |Info:    [ENE DRAM] Registering RGB controller
1578  |Info:    ------------------------------------------------------
1578  |Info:    |            Detecting I2C DIMM modules              |
1578  |Info:    ------------------------------------------------------
1711  |Info:    ------------------------------------------------------
1711  |Info:    |               Detecting I2C PCI devices            |
1711  |Info:    ------------------------------------------------------
1711  |Info:    [Palit GeForce RTX 4090 Gamerock] Registering RGB controller
1712  |Info:    ------------------------------------------------------
1712  |Info:    |               Detecting HID devices                |
1712  |Info:    ------------------------------------------------------
1743  |Info:    [ASUS ROG STRIX B550-A GAMING] Registering RGB controller
1743  |Info:    ------------------------------------------------------
1743  |Info:    |            Detecting libusb HID devices            |
1743  |Info:    ------------------------------------------------------
1792  |Info:    ------------------------------------------------------
1792  |Info:    |              Detecting other devices               |
1792  |Info:    ------------------------------------------------------
1809  |Info:    [ResourceManager] Calling Post-detection callbacks
1809  |Info:    ------------------------------------------------------
1809  |Info:    |                Detection completed                 |
1809  |Info:    ------------------------------------------------------
1809  |Dialog:  <h2>WARNING:</h2><p>Multiple OpenRGB udev rules are installed.</p><p>The udev rules file 60-openrgb.rules is installed in both /etc/udev/rules.d and /usr/lib/udev/rules.d.</p><p>Multiple udev rules files can conflict, it is recommended to remove one of them.</p>
1810  |Info:    [NetworkServer] Network connection thread started on port 6742
1810  |Info:    [ProfileManager] Profile loading: Succeeded for ENE DRAM @ I2C: /dev/i2c-1, address 0x72
1810  |Info:    [ProfileManager] Profile loading: Succeeded for ENE DRAM @ I2C: /dev/i2c-1, address 0x73
1810  |Info:    [ProfileManager] Profile loading: FAILED! for Palit GeForce RTX 4090 Gamerock @ I2C: /dev/i2c-4, address 0x49
1810  |Info:    [ProfileManager] Profile loading: FAILED! for ASUS ROG STRIX B550-A GAMING @ HID: /dev/hidraw0
3416  |Info:    [NetworkServer] Network server started
3953  |ERROR:   [NetworkServer] recv_select failed receiving magic, closing listener
3953  |Info:    [NetworkServer] Closing server connection: 127.0.0.1
4335  |Info:    [NetworkServer] Network server started
4873  |ERROR:   [NetworkServer] recv_select failed receiving magic, closing listener
4873  |Info:    [NetworkServer] Closing server connection: 127.0.0.1
5256  |Info:    [NetworkServer] Network server started
5793  |ERROR:   [NetworkServer] recv_select failed receiving magic, closing listener
5793  |Info:    [NetworkServer] Closing server connection: 127.0.0.1
6173  |Info:    [NetworkServer] Network server started
6711  |ERROR:   [NetworkServer] recv_select failed receiving magic, closing listener
6711  |Info:    [NetworkServer] Closing server connection: 127.0.0.1
7093  |Info:    [NetworkServer] Network server started
7630  |ERROR:   [NetworkServer] recv_select failed receiving magic, closing listener
7630  |Info:    [NetworkServer] Closing server connection: 127.0.0.1
17392 |Info:    [NetworkServer] Network server started
