    OpenRGB v0.9+ (1.0rc1)
    Commit:  from 
    Launched: 20250903_175226
====================================================================================================

8     |Info:    [ProfileManager] Found file: pink.orp attempting to validate header
10    |Info:    [ProfileManager] Valid v5 profile found for pink
64    |Info:    [ResourceManager] Initializing HID interfaces: Success
64    |Info:    ------------------------------------------------------
64    |Info:    |               Start device detection               |
64    |Info:    ------------------------------------------------------
75    |Info:    ------------------------------------------------------
75    |Info:    |             Detecting I2C interfaces               |
75    |Info:    ------------------------------------------------------
75    |Info:    [ResourceManager] Registering I2C interface: /dev/i2c-3 Device 1022:790B Subsystem: 1043:87C0
75    |Info:    [ResourceManager] Registering I2C interface: /dev/i2c-1 Device 1022:790B Subsystem: 1043:87C0
75    |Info:    [ResourceManager] Registering I2C interface: /dev/i2c-8 Device 10DE:2684 Subsystem: 1569:F296
75    |Info:    [ResourceManager] Registering I2C interface: /dev/i2c-6 Device 10DE:2684 Subsystem: 1569:F296
75    |Info:    [ResourceManager] Registering I2C interface: /dev/i2c-4 Device 10DE:2684 Subsystem: 1569:F296
75    |Info:    [ResourceManager] Registering I2C interface: /dev/i2c-2 Device 1022:790B Subsystem: 1043:87C0
75    |Info:    [ResourceManager] Registering I2C interface: /dev/i2c-0 Device 0000:0000 Subsystem: 0000:0000
75    |Info:    [ResourceManager] Registering I2C interface: /dev/i2c-9 Device 10DE:2684 Subsystem: 1569:F296
76    |Info:    [ResourceManager] Registering I2C interface: /dev/i2c-7 Device 10DE:2684 Subsystem: 1569:F296
76    |Info:    [ResourceManager] Registering I2C interface: /dev/i2c-5 Device 10DE:2684 Subsystem: 1569:F296
76    |Info:    ------------------------------------------------------
76    |Info:    |               Detecting I2C devices                |
76    |Info:    ------------------------------------------------------
434   |Info:    [ENE DRAM] Registering RGB controller
595   |Info:    [ENE DRAM] Registering RGB controller
1577  |Info:    ------------------------------------------------------
1577  |Info:    |            Detecting I2C DIMM modules              |
1577  |Info:    ------------------------------------------------------
1712  |Info:    ------------------------------------------------------
1712  |Info:    |               Detecting I2C PCI devices            |
1712  |Info:    ------------------------------------------------------
1712  |Info:    [Palit GeForce RTX 4090 Gamerock] Registering RGB controller
1714  |Info:    ------------------------------------------------------
1714  |Info:    |               Detecting HID devices                |
1714  |Info:    ------------------------------------------------------
1738  |Info:    [ASUS ROG STRIX B550-A GAMING] Registering RGB controller
1739  |Info:    ------------------------------------------------------
1739  |Info:    |            Detecting libusb HID devices            |
1739  |Info:    ------------------------------------------------------
1786  |Info:    ------------------------------------------------------
1786  |Info:    |              Detecting other devices               |
1786  |Info:    ------------------------------------------------------
1806  |Info:    [ResourceManager] Calling Post-detection callbacks
1806  |Info:    ------------------------------------------------------
1806  |Info:    |                Detection completed                 |
1806  |Info:    ------------------------------------------------------
1806  |Dialog:  <h2>WARNING:</h2><p>Multiple OpenRGB udev rules are installed.</p><p>The udev rules file 60-openrgb.rules is installed in both /etc/udev/rules.d and /usr/lib/udev/rules.d.</p><p>Multiple udev rules files can conflict, it is recommended to remove one of them.</p>
1807  |Info:    [NetworkServer] Network connection thread started on port 6742
1807  |Info:    [ProfileManager] Profile loading: Succeeded for ENE DRAM @ I2C: /dev/i2c-1, address 0x72
1807  |Info:    [ProfileManager] Profile loading: Succeeded for ENE DRAM @ I2C: /dev/i2c-1, address 0x73
1807  |Info:    [ProfileManager] Profile loading: Succeeded for Palit GeForce RTX 4090 Gamerock @ I2C: /dev/i2c-4, address 0x49
1807  |Info:    [ProfileManager] Profile loading: Succeeded for ASUS ROG STRIX B550-A GAMING @ HID: /dev/hidraw7
11502 |Info:    [NetworkServer] Network server started
12040 |ERROR:   [NetworkServer] recv_select failed receiving magic, closing listener
12040 |Info:    [NetworkServer] Closing server connection: 127.0.0.1
12308 |Info:    [NetworkServer] Network server started
12846 |ERROR:   [NetworkServer] recv_select failed receiving magic, closing listener
12846 |Info:    [NetworkServer] Closing server connection: 127.0.0.1
13019 |Info:    [NetworkServer] Network server started
13054 |Info:    [NetworkServer] Network server started
13592 |ERROR:   [NetworkServer] recv_select failed receiving magic, closing listener
13592 |Info:    [NetworkServer] Closing server connection: 127.0.0.1
13808 |Info:    [NetworkServer] Network server started
14345 |ERROR:   [NetworkServer] recv_select failed receiving magic, closing listener
14345 |Info:    [NetworkServer] Closing server connection: 127.0.0.1
14560 |Info:    [NetworkServer] Network server started
15097 |ERROR:   [NetworkServer] recv_select failed receiving magic, closing listener
15097 |Info:    [NetworkServer] Closing server connection: 127.0.0.1
