    OpenRGB v0.9+ (1.0rc2)
    Commit:  from 
    Launched: 20251119_181458
====================================================================================================

5     |Info:    [ProfileManager] Found file: pink.orp attempting to validate header
7     |Info:    [ProfileManager] Valid v5 profile found for pink
62    |Info:    [ResourceManager] Initializing HID interfaces: Success
62    |Info:    ------------------------------------------------------
62    |Info:    |               Start device detection               |
62    |Info:    ------------------------------------------------------
89    |Info:    ------------------------------------------------------
89    |Info:    |             Detecting I2C interfaces               |
89    |Info:    ------------------------------------------------------
89    |Info:    [ResourceManager] Registering I2C interface: /dev/i2c-3 Device 1022:790B Subsystem: 1043:87C0
89    |Info:    [ResourceManager] Registering I2C interface: /dev/i2c-1 Device 1022:790B Subsystem: 1043:87C0
89    |Info:    [ResourceManager] Registering I2C interface: /dev/i2c-8 Device 10DE:2684 Subsystem: 1569:F296
89    |Info:    [ResourceManager] Registering I2C interface: /dev/i2c-6 Device 10DE:2684 Subsystem: 1569:F296
89    |Info:    [ResourceManager] Registering I2C interface: /dev/i2c-4 Device 10DE:2684 Subsystem: 1569:F296
89    |Info:    [ResourceManager] Registering I2C interface: /dev/i2c-2 Device 1022:790B Subsystem: 1043:87C0
89    |Info:    [ResourceManager] Registering I2C interface: /dev/i2c-0 Device 0000:0000 Subsystem: 0000:0000
89    |Info:    [ResourceManager] Registering I2C interface: /dev/i2c-9 Device 10DE:2684 Subsystem: 1569:F296
89    |Info:    [ResourceManager] Registering I2C interface: /dev/i2c-7 Device 10DE:2684 Subsystem: 1569:F296
89    |Info:    [ResourceManager] Registering I2C interface: /dev/i2c-5 Device 10DE:2684 Subsystem: 1569:F296
89    |Info:    ------------------------------------------------------
89    |Info:    |               Detecting I2C devices                |
89    |Info:    ------------------------------------------------------
306   |Info:    [ENE DRAM] Registering RGB controller
468   |Info:    [ENE DRAM] Registering RGB controller
1394  |Info:    ------------------------------------------------------
1394  |Info:    |            Detecting I2C DIMM modules              |
1394  |Info:    ------------------------------------------------------
2208  |Info:    [ResourceManager] Detected occupied slot 3, bus 1, type DDR4
3467  |Info:    [ResourceManager] Detected occupied slot 4, bus 1, type DDR4
4532  |Info:    ------------------------------------------------------
4532  |Info:    |               Detecting I2C PCI devices            |
4532  |Info:    ------------------------------------------------------
4532  |Info:    [Palit GeForce RTX 4090 Gamerock] Registering RGB controller
4533  |Info:    ------------------------------------------------------
4533  |Info:    |               Detecting HID devices                |
4533  |Info:    ------------------------------------------------------
4560  |Info:    [ASUS ROG STRIX B550-A GAMING] Registering RGB controller
4560  |Info:    ------------------------------------------------------
4560  |Info:    |            Detecting libusb HID devices            |
4560  |Info:    ------------------------------------------------------
4614  |Info:    ------------------------------------------------------
4615  |Info:    |              Detecting other devices               |
4615  |Info:    ------------------------------------------------------
4651  |Info:    [ResourceManager] Calling Post-detection callbacks
4651  |Info:    ------------------------------------------------------
4651  |Info:    |                Detection completed                 |
4651  |Info:    ------------------------------------------------------
4651  |Dialog:  <h2>WARNING:</h2><p>Multiple OpenRGB udev rules are installed.</p><p>The udev rules file 60-openrgb.rules is installed in both /etc/udev/rules.d and /usr/lib/udev/rules.d.</p><p>Multiple udev rules files can conflict, it is recommended to remove one of them.</p>
4652  |Info:    [NetworkServer] Network connection thread started on port 6742
4652  |Info:    [ProfileManager] Profile loading: Succeeded for ENE DRAM @ I2C: /dev/i2c-1, address 0x72
4652  |Info:    [ProfileManager] Profile loading: Succeeded for ENE DRAM @ I2C: /dev/i2c-1, address 0x73
4652  |Info:    [ProfileManager] Profile loading: Succeeded for Palit GeForce RTX 4090 Gamerock @ I2C: /dev/i2c-4, address 0x49
4652  |Info:    [ProfileManager] Profile loading: Succeeded for ASUS ROG STRIX B550-A GAMING @ HID: /dev/hidraw7
7799  |Info:    [NetworkServer] Network server started
10705 |Info:    [NetworkServer] Network server started
11131 |ERROR:   [NetworkServer] recv_select failed receiving magic, closing listener
11131 |Info:    [NetworkServer] Closing server connection: 127.0.0.1
11456 |Info:    [NetworkServer] Network server started
11887 |ERROR:   [NetworkServer] recv_select failed receiving magic, closing listener
11887 |Info:    [NetworkServer] Closing server connection: 127.0.0.1
12212 |Info:    [NetworkServer] Network server started
12638 |ERROR:   [NetworkServer] recv_select failed receiving magic, closing listener
12638 |Info:    [NetworkServer] Closing server connection: 127.0.0.1
12959 |Info:    [NetworkServer] Network server started
13385 |ERROR:   [NetworkServer] recv_select failed receiving magic, closing listener
13385 |Info:    [NetworkServer] Closing server connection: 127.0.0.1
13712 |Info:    [NetworkServer] Network server started
14138 |ERROR:   [NetworkServer] recv_select failed receiving magic, closing listener
14138 |Info:    [NetworkServer] Closing server connection: 127.0.0.1
2578980|ERROR:   [NetworkServer] recv_select failed receiving magic, closing listener
2578980|Info:    [NetworkServer] Closing server connection: 192.168.0.160
2746046|Info:    [NetworkServer] Network server started
3512574|ERROR:   [NetworkServer] recv_select failed receiving magic, closing listener
3512575|Info:    [NetworkServer] Closing server connection: 192.168.0.160
3624311|Info:    [NetworkServer] Network server started
