    OpenRGB v0.9+ (1.0rc1)
    Commit:  from 
    Launched: 20250827_112502
====================================================================================================

7     |Info:    [ProfileManager] Found file: pink.orp attempting to validate header
8     |Info:    [ProfileManager] Valid v5 profile found for pink
61    |Info:    [ResourceManager] Initializing HID interfaces: Success
61    |Info:    ------------------------------------------------------
61    |Info:    |               Start device detection               |
61    |Info:    ------------------------------------------------------
72    |Info:    ------------------------------------------------------
72    |Info:    |             Detecting I2C interfaces               |
72    |Info:    ------------------------------------------------------
72    |Info:    [ResourceManager] Registering I2C interface: /dev/i2c-3 Device 1022:790B Subsystem: 1043:87C0
72    |Info:    [ResourceManager] Registering I2C interface: /dev/i2c-1 Device 1022:790B Subsystem: 1043:87C0
72    |Info:    [ResourceManager] Registering I2C interface: /dev/i2c-8 Device 10DE:2684 Subsystem: 1569:F296
72    |Info:    [ResourceManager] Registering I2C interface: /dev/i2c-6 Device 10DE:2684 Subsystem: 1569:F296
72    |Info:    [ResourceManager] Registering I2C interface: /dev/i2c-4 Device 10DE:2684 Subsystem: 1569:F296
73    |Info:    [ResourceManager] Registering I2C interface: /dev/i2c-2 Device 1022:790B Subsystem: 1043:87C0
73    |Info:    [ResourceManager] Registering I2C interface: /dev/i2c-0 Device 0000:0000 Subsystem: 0000:0000
73    |Info:    [ResourceManager] Registering I2C interface: /dev/i2c-9 Device 10DE:2684 Subsystem: 1569:F296
73    |Info:    [ResourceManager] Registering I2C interface: /dev/i2c-7 Device 10DE:2684 Subsystem: 1569:F296
73    |Info:    [ResourceManager] Registering I2C interface: /dev/i2c-5 Device 10DE:2684 Subsystem: 1569:F296
73    |Info:    ------------------------------------------------------
73    |Info:    |               Detecting I2C devices                |
73    |Info:    ------------------------------------------------------
429   |Info:    [ENE DRAM] Registering RGB controller
597   |Info:    [ENE DRAM] Registering RGB controller
1573  |Info:    ------------------------------------------------------
1573  |Info:    |            Detecting I2C DIMM modules              |
1573  |Info:    ------------------------------------------------------
1706  |Info:    ------------------------------------------------------
1706  |Info:    |               Detecting I2C PCI devices            |
1706  |Info:    ------------------------------------------------------
1707  |Info:    [Palit GeForce RTX 4090 Gamerock] Registering RGB controller
1708  |Info:    ------------------------------------------------------
1708  |Info:    |               Detecting HID devices                |
1708  |Info:    ------------------------------------------------------
1734  |Info:    [ASUS ROG STRIX B550-A GAMING] Registering RGB controller
1734  |Info:    ------------------------------------------------------
1734  |Info:    |            Detecting libusb HID devices            |
1734  |Info:    ------------------------------------------------------
1780  |Info:    ------------------------------------------------------
1780  |Info:    |              Detecting other devices               |
1780  |Info:    ------------------------------------------------------
1792  |Info:    [ResourceManager] Calling Post-detection callbacks
1792  |Info:    ------------------------------------------------------
1792  |Info:    |                Detection completed                 |
1792  |Info:    ------------------------------------------------------
1792  |Dialog:  <h2>WARNING:</h2><p>Multiple OpenRGB udev rules are installed.</p><p>The udev rules file 60-openrgb.rules is installed in both /etc/udev/rules.d and /usr/lib/udev/rules.d.</p><p>Multiple udev rules files can conflict, it is recommended to remove one of them.</p>
1792  |ERROR:   [NetworkServer] Could not bind network socket. Is port 6742 already being used?
1792  |Info:    [ProfileManager] Profile loading: Succeeded for ENE DRAM @ I2C: /dev/i2c-1, address 0x72
1792  |Info:    [ProfileManager] Profile loading: Succeeded for ENE DRAM @ I2C: /dev/i2c-1, address 0x73
1792  |Info:    [ProfileManager] Profile loading: Succeeded for Palit GeForce RTX 4090 Gamerock @ I2C: /dev/i2c-4, address 0x49
1792  |Info:    [ProfileManager] Profile loading: Succeeded for ASUS ROG STRIX B550-A GAMING @ HID: /dev/hidraw7
12074 |Info:    [ProfileManager] Found file: pink.orp attempting to validate header
12074 |Info:    [ProfileManager] Valid v5 profile found for pink
