    OpenRGB v0.9+ (1.0rc1)
    Commit:  from 
    Launched: 20250822_190725
====================================================================================================

4     |Info:    [ProfileManager] Found file: pink.orp attempting to validate header
6     |Info:    [ProfileManager] Valid v5 profile found for pink
60    |Info:    [ResourceManager] Initializing HID interfaces: Success
60    |Info:    ------------------------------------------------------
60    |Info:    |               Start device detection               |
60    |Info:    ------------------------------------------------------
72    |Info:    ------------------------------------------------------
72    |Info:    |             Detecting I2C interfaces               |
72    |Info:    ------------------------------------------------------
72    |Info:    [ResourceManager] Registering I2C interface: /dev/i2c-3 Device 1022:790B Subsystem: 1043:87C0
72    |Info:    [ResourceManager] Registering I2C interface: /dev/i2c-1 Device 1022:790B Subsystem: 1043:87C0
72    |Info:    [ResourceManager] Registering I2C interface: /dev/i2c-8 Device 10DE:2684 Subsystem: 1569:F296
72    |Info:    [ResourceManager] Registering I2C interface: /dev/i2c-6 Device 10DE:2684 Subsystem: 1569:F296
72    |Info:    [ResourceManager] Registering I2C interface: /dev/i2c-4 Device 10DE:2684 Subsystem: 1569:F296
73    |Info:    [ResourceManager] Registering I2C interface: /dev/i2c-2 Device 1022:790B Subsystem: 1043:87C0
73    |Info:    [ResourceManager] Registering I2C interface: /dev/i2c-0 Device 0000:0000 Subsystem: 0000:0000
73    |Info:    [ResourceManager] Registering I2C interface: /dev/i2c-9 Device 10DE:2684 Subsystem: 1569:F296
73    |Info:    [ResourceManager] Registering I2C interface: /dev/i2c-7 Device 10DE:2684 Subsystem: 1569:F296
73    |Info:    [ResourceManager] Registering I2C interface: /dev/i2c-5 Device 10DE:2684 Subsystem: 1569:F296
73    |Info:    ------------------------------------------------------
73    |Info:    |               Detecting I2C devices                |
73    |Info:    ------------------------------------------------------
429   |Info:    [ENE DRAM] Registering RGB controller
594   |Info:    [ENE DRAM] Registering RGB controller
1566  |Info:    ------------------------------------------------------
1566  |Info:    |            Detecting I2C DIMM modules              |
1566  |Info:    ------------------------------------------------------
1703  |Info:    ------------------------------------------------------
1703  |Info:    |               Detecting I2C PCI devices            |
1703  |Info:    ------------------------------------------------------
1703  |Info:    [Palit GeForce RTX 4090 Gamerock] Registering RGB controller
1705  |Info:    ------------------------------------------------------
1705  |Info:    |               Detecting HID devices                |
1705  |Info:    ------------------------------------------------------
1734  |Info:    [ASUS ROG STRIX B550-A GAMING] Registering RGB controller
1734  |Info:    ------------------------------------------------------
1734  |Info:    |            Detecting libusb HID devices            |
1734  |Info:    ------------------------------------------------------
1785  |Info:    ------------------------------------------------------
1785  |Info:    |              Detecting other devices               |
1785  |Info:    ------------------------------------------------------
1803  |Info:    [ResourceManager] Calling Post-detection callbacks
1803  |Info:    ------------------------------------------------------
1803  |Info:    |                Detection completed                 |
1803  |Info:    ------------------------------------------------------
1803  |Dialog:  <h2>WARNING:</h2><p>Multiple OpenRGB udev rules are installed.</p><p>The udev rules file 60-openrgb.rules is installed in both /etc/udev/rules.d and /usr/lib/udev/rules.d.</p><p>Multiple udev rules files can conflict, it is recommended to remove one of them.</p>
1803  |Info:    [NetworkServer] Network connection thread started on port 6742
1804  |Info:    [ProfileManager] Profile loading: Succeeded for ENE DRAM @ I2C: /dev/i2c-1, address 0x72
1804  |Info:    [ProfileManager] Profile loading: Succeeded for ENE DRAM @ I2C: /dev/i2c-1, address 0x73
1804  |Info:    [ProfileManager] Profile loading: Succeeded for Palit GeForce RTX 4090 Gamerock @ I2C: /dev/i2c-4, address 0x49
1804  |Info:    [ProfileManager] Profile loading: Succeeded for ASUS ROG STRIX B550-A GAMING @ HID: /dev/hidraw7
8069  |Info:    [NetworkServer] Network server started
8606  |ERROR:   [NetworkServer] recv_select failed receiving magic, closing listener
8606  |Info:    [NetworkServer] Closing server connection: 127.0.0.1
8998  |Info:    [NetworkServer] Network server started
9535  |ERROR:   [NetworkServer] recv_select failed receiving magic, closing listener
9535  |Info:    [NetworkServer] Closing server connection: 127.0.0.1
9917  |Info:    [NetworkServer] Network server started
10455 |ERROR:   [NetworkServer] recv_select failed receiving magic, closing listener
10455 |Info:    [NetworkServer] Closing server connection: 127.0.0.1
10831 |Info:    [NetworkServer] Network server started
