    OpenRGB v0.9+ (1.0rc1)
    Commit:  from 
    Launched: 20250903_210802
====================================================================================================

4     |Info:    [ProfileManager] Found file: pink.orp attempting to validate header
5     |Info:    [ProfileManager] Valid v5 profile found for pink
59    |Info:    [ResourceManager] Initializing HID interfaces: Success
59    |Info:    ------------------------------------------------------
59    |Info:    |               Start device detection               |
59    |Info:    ------------------------------------------------------
69    |Info:    ------------------------------------------------------
69    |Info:    |             Detecting I2C interfaces               |
69    |Info:    ------------------------------------------------------
70    |Info:    [ResourceManager] Registering I2C interface: /dev/i2c-3 Device 1022:790B Subsystem: 1043:87C0
70    |Info:    [ResourceManager] Registering I2C interface: /dev/i2c-1 Device 1022:790B Subsystem: 1043:87C0
70    |Info:    [ResourceManager] Registering I2C interface: /dev/i2c-8 Device 10DE:2684 Subsystem: 1569:F296
70    |Info:    [ResourceManager] Registering I2C interface: /dev/i2c-6 Device 10DE:2684 Subsystem: 1569:F296
70    |Info:    [ResourceManager] Registering I2C interface: /dev/i2c-4 Device 10DE:2684 Subsystem: 1569:F296
70    |Info:    [ResourceManager] Registering I2C interface: /dev/i2c-2 Device 1022:790B Subsystem: 1043:87C0
70    |Info:    [ResourceManager] Registering I2C interface: /dev/i2c-0 Device 0000:0000 Subsystem: 0000:0000
70    |Info:    [ResourceManager] Registering I2C interface: /dev/i2c-9 Device 10DE:2684 Subsystem: 1569:F296
70    |Info:    [ResourceManager] Registering I2C interface: /dev/i2c-7 Device 10DE:2684 Subsystem: 1569:F296
70    |Info:    [ResourceManager] Registering I2C interface: /dev/i2c-5 Device 10DE:2684 Subsystem: 1569:F296
70    |Info:    ------------------------------------------------------
70    |Info:    |               Detecting I2C devices                |
70    |Info:    ------------------------------------------------------
424   |Info:    [ENE DRAM] Registering RGB controller
588   |Info:    [ENE DRAM] Registering RGB controller
1586  |Info:    ------------------------------------------------------
1586  |Info:    |            Detecting I2C DIMM modules              |
1586  |Info:    ------------------------------------------------------
1720  |Info:    ------------------------------------------------------
1720  |Info:    |               Detecting I2C PCI devices            |
1720  |Info:    ------------------------------------------------------
1720  |Info:    [Palit GeForce RTX 4090 Gamerock] Registering RGB controller
1721  |Info:    ------------------------------------------------------
1721  |Info:    |               Detecting HID devices                |
1721  |Info:    ------------------------------------------------------
1746  |Info:    [ASUS ROG STRIX B550-A GAMING] Registering RGB controller
1747  |Info:    ------------------------------------------------------
1747  |Info:    |            Detecting libusb HID devices            |
1747  |Info:    ------------------------------------------------------
1796  |Info:    ------------------------------------------------------
1796  |Info:    |              Detecting other devices               |
1796  |Info:    ------------------------------------------------------
1819  |Info:    [ResourceManager] Calling Post-detection callbacks
1819  |Info:    ------------------------------------------------------
1819  |Info:    |                Detection completed                 |
1819  |Info:    ------------------------------------------------------
1819  |Dialog:  <h2>WARNING:</h2><p>Multiple OpenRGB udev rules are installed.</p><p>The udev rules file 60-openrgb.rules is installed in both /etc/udev/rules.d and /usr/lib/udev/rules.d.</p><p>Multiple udev rules files can conflict, it is recommended to remove one of them.</p>
1819  |Info:    [NetworkServer] Network connection thread started on port 6742
1819  |Info:    [ProfileManager] Profile loading: Succeeded for ENE DRAM @ I2C: /dev/i2c-1, address 0x72
1819  |Info:    [ProfileManager] Profile loading: Succeeded for ENE DRAM @ I2C: /dev/i2c-1, address 0x73
1819  |Info:    [ProfileManager] Profile loading: Succeeded for Palit GeForce RTX 4090 Gamerock @ I2C: /dev/i2c-4, address 0x49
1819  |Info:    [ProfileManager] Profile loading: Succeeded for ASUS ROG STRIX B550-A GAMING @ HID: /dev/hidraw7
6794  |Info:    [NetworkServer] Network server started
12562 |Info:    [NetworkServer] Network server started
13100 |ERROR:   [NetworkServer] recv_select failed receiving magic, closing listener
13100 |Info:    [NetworkServer] Closing server connection: 127.0.0.1
13313 |Info:    [NetworkServer] Network server started
13851 |ERROR:   [NetworkServer] recv_select failed receiving magic, closing listener
13851 |Info:    [NetworkServer] Closing server connection: 127.0.0.1
14067 |Info:    [NetworkServer] Network server started
14604 |ERROR:   [NetworkServer] recv_select failed receiving magic, closing listener
14604 |Info:    [NetworkServer] Closing server connection: 127.0.0.1
14813 |Info:    [NetworkServer] Network server started
15350 |ERROR:   [NetworkServer] recv_select failed receiving magic, closing listener
15350 |Info:    [NetworkServer] Closing server connection: 127.0.0.1
15565 |Info:    [NetworkServer] Network server started
16102 |ERROR:   [NetworkServer] recv_select failed receiving magic, closing listener
16102 |Info:    [NetworkServer] Closing server connection: 127.0.0.1
