    OpenRGB v0.9+ (1.0rc1)
    Commit:  from 
    Launched: 20250817_115052
====================================================================================================

0     |Info:    [ProfileManager] Found file: pink.orp attempting to validate header
0     |Info:    [ProfileManager] Valid v4 profile found for pink
52    |Info:    [ResourceManager] Initializing HID interfaces: Success
52    |Info:    ------------------------------------------------------
52    |Info:    |               Start device detection               |
52    |Info:    ------------------------------------------------------
63    |Info:    ------------------------------------------------------
63    |Info:    |             Detecting I2C interfaces               |
63    |Info:    ------------------------------------------------------
63    |Info:    [ResourceManager] Registering I2C interface: /dev/i2c-3 Device 1022:790B Subsystem: 1043:87C0
63    |Info:    [ResourceManager] Registering I2C interface: /dev/i2c-1 Device 1022:790B Subsystem: 1043:87C0
63    |Info:    [ResourceManager] Registering I2C interface: /dev/i2c-8 Device 10DE:2684 Subsystem: 1569:F296
63    |Info:    [ResourceManager] Registering I2C interface: /dev/i2c-6 Device 10DE:2684 Subsystem: 1569:F296
63    |Info:    [ResourceManager] Registering I2C interface: /dev/i2c-4 Device 10DE:2684 Subsystem: 1569:F296
63    |Info:    [ResourceManager] Registering I2C interface: /dev/i2c-2 Device 1022:790B Subsystem: 1043:87C0
63    |Info:    [ResourceManager] Registering I2C interface: /dev/i2c-0 Device 0000:0000 Subsystem: 0000:0000
63    |Info:    [ResourceManager] Registering I2C interface: /dev/i2c-9 Device 10DE:2684 Subsystem: 1569:F296
63    |Info:    [ResourceManager] Registering I2C interface: /dev/i2c-7 Device 10DE:2684 Subsystem: 1569:F296
63    |Info:    [ResourceManager] Registering I2C interface: /dev/i2c-5 Device 10DE:2684 Subsystem: 1569:F296
63    |Info:    ------------------------------------------------------
63    |Info:    |               Detecting I2C devices                |
63    |Info:    ------------------------------------------------------
433   |Info:    [ENE DRAM] Registering RGB controller
620   |Info:    [ENE DRAM] Registering RGB controller
1610  |Info:    ------------------------------------------------------
1610  |Info:    |            Detecting I2C DIMM modules              |
1610  |Info:    ------------------------------------------------------
1743  |Info:    ------------------------------------------------------
1743  |Info:    |               Detecting I2C PCI devices            |
1743  |Info:    ------------------------------------------------------
1744  |Info:    [Palit GeForce RTX 4090 Gamerock] Registering RGB controller
1746  |Info:    ------------------------------------------------------
1746  |Info:    |               Detecting HID devices                |
1746  |Info:    ------------------------------------------------------
1821  |Info:    [ASUS ROG STRIX B550-A GAMING] Registering RGB controller
1821  |Info:    ------------------------------------------------------
1821  |Info:    |            Detecting libusb HID devices            |
1821  |Info:    ------------------------------------------------------
1868  |Info:    ------------------------------------------------------
1868  |Info:    |              Detecting other devices               |
1868  |Info:    ------------------------------------------------------
1881  |Info:    [ResourceManager] Calling Post-detection callbacks
1881  |Info:    ------------------------------------------------------
1881  |Info:    |                Detection completed                 |
1881  |Info:    ------------------------------------------------------
1881  |Dialog:  <h2>WARNING:</h2><p>Multiple OpenRGB udev rules are installed.</p><p>The udev rules file 60-openrgb.rules is installed in both /etc/udev/rules.d and /usr/lib/udev/rules.d.</p><p>Multiple udev rules files can conflict, it is recommended to remove one of them.</p>
1881  |Info:    [NetworkServer] Network connection thread started on port 6742
1881  |Info:    [ProfileManager] Profile loading: Succeeded for ENE DRAM @ I2C: /dev/i2c-1, address 0x72
1881  |Info:    [ProfileManager] Profile loading: Succeeded for ENE DRAM @ I2C: /dev/i2c-1, address 0x73
1881  |Info:    [ProfileManager] Profile loading: FAILED! for Palit GeForce RTX 4090 Gamerock @ I2C: /dev/i2c-4, address 0x49
1881  |Info:    [ProfileManager] Profile loading: FAILED! for ASUS ROG STRIX B550-A GAMING @ HID: /dev/hidraw7
