    OpenRGB v0.9
    Commit:  from 
    Launched: 20250703_181032
====================================================================================================

1001  |Info:    Saving detector settings
1002  |Info:    ------------------------------------------------------
1002  |Info:    |               Start device detection               |
1002  |Info:    ------------------------------------------------------
1002  |Info:    Initializing HID interfaces: Success
1012  |Info:    ------------------------------------------------------
1012  |Info:    |             Detecting I2C interfaces               |
1012  |Info:    ------------------------------------------------------
1012  |Info:    Registering I2C interface: /dev/i2c-3 Device 1022:790B Subsystem: 1043:87C0
1012  |Info:    Registering I2C interface: /dev/i2c-8 Device 10DE:2684 Subsystem: 1569:F296
1012  |Info:    Registering I2C interface: /dev/i2c-6 Device 10DE:2684 Subsystem: 1569:F296
1012  |Info:    Registering I2C interface: /dev/i2c-2 Device 1022:790B Subsystem: 1043:87C0
1012  |Info:    Registering I2C interface: /dev/i2c-9 Device 10DE:2684 Subsystem: 1569:F296
1013  |Info:    Registering I2C interface: /dev/i2c-5 Device 10DE:2684 Subsystem: 1569:F296
1013  |Info:    ------------------------------------------------------
1013  |Info:    |               Detecting I2C devices                |
1013  |Info:    ------------------------------------------------------
1572  |Info:    ------------------------------------------------------
1572  |Info:    |               Detecting I2C PCI devices            |
1572  |Info:    ------------------------------------------------------
1573  |Info:    ------------------------------------------------------
1573  |Info:    |               Detecting HID devices                |
1573  |Info:    ------------------------------------------------------
1573  |Info:    [Keychron Gaming Keyboard 1] Registering RGB controller
1652  |Info:    [ASUS ROG STRIX B550-A GAMING] Registering RGB controller
1652  |Info:    ------------------------------------------------------
1652  |Info:    |            Detecting libusb HID devices            |
1652  |Info:    ------------------------------------------------------
1742  |Info:    ------------------------------------------------------
1742  |Info:    |              Detecting other devices               |
1742  |Info:    ------------------------------------------------------
1750  |Info:    ------------------------------------------------------
1750  |Info:    |                Detection completed                 |
1750  |Info:    ------------------------------------------------------
1750  |Dialog:  <h2>WARNING:</h2><p>One or more I2C/SMBus interfaces failed to initialize.</p><p>RGB DRAM modules and some motherboards' onboard RGB lighting will not be available without I2C/SMBus.</p><p>On Linux, this is usually because the i2c-dev module is not loaded.  You must load the i2c-dev module along with the correct i2c driver for your motherboard.  This is usually i2c-piix4 for AMD systems and i2c-i801 for Intel systems.</p><p>See <a href='https://help.openrgb.org/'>help.openrgb.org</a> for additional troubleshooting steps if you keep seeing this message.<br></p>
