    OpenRGB v0.9+ (1.0rc1)
    Commit:  from 
    Launched: 20250830_110736
====================================================================================================

4     |Info:    [ProfileManager] Found file: pink.orp attempting to validate header
6     |Info:    [ProfileManager] Valid v5 profile found for pink
61    |Info:    [ResourceManager] Initializing HID interfaces: Success
61    |Info:    ------------------------------------------------------
61    |Info:    |               Start device detection               |
61    |Info:    ------------------------------------------------------
71    |Info:    ------------------------------------------------------
71    |Info:    |             Detecting I2C interfaces               |
71    |Info:    ------------------------------------------------------
71    |Info:    [ResourceManager] Registering I2C interface: /dev/i2c-3 Device 1022:790B Subsystem: 1043:87C0
72    |Info:    [ResourceManager] Registering I2C interface: /dev/i2c-1 Device 1022:790B Subsystem: 1043:87C0
72    |Info:    [ResourceManager] Registering I2C interface: /dev/i2c-8 Device 10DE:2684 Subsystem: 1569:F296
72    |Info:    [ResourceManager] Registering I2C interface: /dev/i2c-6 Device 10DE:2684 Subsystem: 1569:F296
72    |Info:    [ResourceManager] Registering I2C interface: /dev/i2c-4 Device 10DE:2684 Subsystem: 1569:F296
72    |Info:    [ResourceManager] Registering I2C interface: /dev/i2c-2 Device 1022:790B Subsystem: 1043:87C0
72    |Info:    [ResourceManager] Registering I2C interface: /dev/i2c-0 Device 0000:0000 Subsystem: 0000:0000
72    |Info:    [ResourceManager] Registering I2C interface: /dev/i2c-9 Device 10DE:2684 Subsystem: 1569:F296
72    |Info:    [ResourceManager] Registering I2C interface: /dev/i2c-7 Device 10DE:2684 Subsystem: 1569:F296
72    |Info:    [ResourceManager] Registering I2C interface: /dev/i2c-5 Device 10DE:2684 Subsystem: 1569:F296
72    |Info:    ------------------------------------------------------
72    |Info:    |               Detecting I2C devices                |
72    |Info:    ------------------------------------------------------
431   |Info:    [ENE DRAM] Registering RGB controller
597   |Info:    [ENE DRAM] Registering RGB controller
1567  |Info:    ------------------------------------------------------
1567  |Info:    |            Detecting I2C DIMM modules              |
1567  |Info:    ------------------------------------------------------
1702  |Info:    ------------------------------------------------------
1702  |Info:    |               Detecting I2C PCI devices            |
1702  |Info:    ------------------------------------------------------
1703  |Info:    [Palit GeForce RTX 4090 Gamerock] Registering RGB controller
1704  |Info:    ------------------------------------------------------
1704  |Info:    |               Detecting HID devices                |
1704  |Info:    ------------------------------------------------------
1730  |Info:    [ASUS ROG STRIX B550-A GAMING] Registering RGB controller
1730  |Info:    ------------------------------------------------------
1730  |Info:    |            Detecting libusb HID devices            |
1730  |Info:    ------------------------------------------------------
1774  |Info:    ------------------------------------------------------
1774  |Info:    |              Detecting other devices               |
1774  |Info:    ------------------------------------------------------
1789  |Info:    [ResourceManager] Calling Post-detection callbacks
1789  |Info:    ------------------------------------------------------
1789  |Info:    |                Detection completed                 |
1789  |Info:    ------------------------------------------------------
1789  |Dialog:  <h2>WARNING:</h2><p>Multiple OpenRGB udev rules are installed.</p><p>The udev rules file 60-openrgb.rules is installed in both /etc/udev/rules.d and /usr/lib/udev/rules.d.</p><p>Multiple udev rules files can conflict, it is recommended to remove one of them.</p>
1789  |ERROR:   [NetworkServer] Could not bind network socket. Is port 6742 already being used?
1790  |Info:    [ProfileManager] Profile loading: Succeeded for ENE DRAM @ I2C: /dev/i2c-1, address 0x72
1790  |Info:    [ProfileManager] Profile loading: Succeeded for ENE DRAM @ I2C: /dev/i2c-1, address 0x73
1790  |Info:    [ProfileManager] Profile loading: Succeeded for Palit GeForce RTX 4090 Gamerock @ I2C: /dev/i2c-4, address 0x49
1790  |Info:    [ProfileManager] Profile loading: Succeeded for ASUS ROG STRIX B550-A GAMING @ HID: /dev/hidraw7
