    OpenRGB v0.9
    Commit:  from 
    Launched: 20250824_210712
====================================================================================================

1     |Info:    Found file: pink.orp attempting to validate header
2     |Warning: Profile pink.orp isn't valid for current version (v5, expected v4 at most)
626   |Info:    Profile loading: FAILED! for ENE DRAM @ I2C: /dev/i2c-1, address 0x72
626   |Info:    Profile loading: FAILED! for ENE DRAM @ I2C: /dev/i2c-1, address 0x73
626   |Info:    Profile loading: FAILED! for Palit 4090 Gamerock @ I2C: /dev/i2c-4, address 0x49
626   |Info:    Profile loading: FAILED! for ASUS ROG STRIX B550-A GAMING @ HID: /dev/hidraw7
626   |Info:    Profile loading: FAILED! for Keychron Gaming Keyboard 1 @ HID: /dev/hidraw1
303795|Info:    Profile loading: FAILED! for ENE DRAM @ I2C: /dev/i2c-1, address 0x72
303795|Info:    Profile loading: FAILED! for ENE DRAM @ I2C: /dev/i2c-1, address 0x73
303795|Info:    Profile loading: FAILED! for Palit 4090 Gamerock @ I2C: /dev/i2c-4, address 0x49
303795|Info:    Profile loading: FAILED! for ASUS ROG STRIX B550-A GAMING @ HID: /dev/hidraw7
303795|Info:    Profile loading: FAILED! for Keychron Gaming Keyboard 1 @ HID: /dev/hidraw1
315489|Info:    Found file: pink.orp attempting to validate header
315489|Info:    Valid v4 profile found for pink
318164|Info:    Found file: pink.orp attempting to validate header
318164|Info:    Valid v4 profile found for pink
