    OpenRGB v0.9+ (1.0rc1)
    Commit:  from 
    Launched: 20250901_180137
====================================================================================================

5     |Info:    [ProfileManager] Found file: pink.orp attempting to validate header
7     |Info:    [ProfileManager] Valid v5 profile found for pink
61    |Info:    [ResourceManager] Initializing HID interfaces: Success
61    |Info:    ------------------------------------------------------
61    |Info:    |               Start device detection               |
61    |Info:    ------------------------------------------------------
72    |Info:    ------------------------------------------------------
72    |Info:    |             Detecting I2C interfaces               |
72    |Info:    ------------------------------------------------------
72    |Info:    [ResourceManager] Registering I2C interface: /dev/i2c-3 Device 1022:790B Subsystem: 1043:87C0
72    |Info:    [ResourceManager] Registering I2C interface: /dev/i2c-1 Device 1022:790B Subsystem: 1043:87C0
72    |Info:    [ResourceManager] Registering I2C interface: /dev/i2c-8 Device 10DE:2684 Subsystem: 1569:F296
72    |Info:    [ResourceManager] Registering I2C interface: /dev/i2c-6 Device 10DE:2684 Subsystem: 1569:F296
72    |Info:    [ResourceManager] Registering I2C interface: /dev/i2c-4 Device 10DE:2684 Subsystem: 1569:F296
72    |Info:    [ResourceManager] Registering I2C interface: /dev/i2c-2 Device 1022:790B Subsystem: 1043:87C0
72    |Info:    [ResourceManager] Registering I2C interface: /dev/i2c-0 Device 0000:0000 Subsystem: 0000:0000
72    |Info:    [ResourceManager] Registering I2C interface: /dev/i2c-9 Device 10DE:2684 Subsystem: 1569:F296
72    |Info:    [ResourceManager] Registering I2C interface: /dev/i2c-7 Device 10DE:2684 Subsystem: 1569:F296
72    |Info:    [ResourceManager] Registering I2C interface: /dev/i2c-5 Device 10DE:2684 Subsystem: 1569:F296
72    |Info:    ------------------------------------------------------
72    |Info:    |               Detecting I2C devices                |
72    |Info:    ------------------------------------------------------
414   |Info:    [ENE DRAM] Registering RGB controller
578   |Info:    [ENE DRAM] Registering RGB controller
1557  |Info:    ------------------------------------------------------
1557  |Info:    |            Detecting I2C DIMM modules              |
1557  |Info:    ------------------------------------------------------
1691  |Info:    ------------------------------------------------------
1691  |Info:    |               Detecting I2C PCI devices            |
1691  |Info:    ------------------------------------------------------
1691  |Info:    [Palit GeForce RTX 4090 Gamerock] Registering RGB controller
1693  |Info:    ------------------------------------------------------
1693  |Info:    |               Detecting HID devices                |
1693  |Info:    ------------------------------------------------------
1720  |Info:    [ASUS ROG STRIX B550-A GAMING] Registering RGB controller
1720  |Info:    ------------------------------------------------------
1720  |Info:    |            Detecting libusb HID devices            |
1720  |Info:    ------------------------------------------------------
1765  |Info:    ------------------------------------------------------
1765  |Info:    |              Detecting other devices               |
1765  |Info:    ------------------------------------------------------
1782  |Info:    [ResourceManager] Calling Post-detection callbacks
1782  |Info:    ------------------------------------------------------
1782  |Info:    |                Detection completed                 |
1782  |Info:    ------------------------------------------------------
1782  |Dialog:  <h2>WARNING:</h2><p>Multiple OpenRGB udev rules are installed.</p><p>The udev rules file 60-openrgb.rules is installed in both /etc/udev/rules.d and /usr/lib/udev/rules.d.</p><p>Multiple udev rules files can conflict, it is recommended to remove one of them.</p>
1783  |Info:    [NetworkServer] Network connection thread started on port 6742
1783  |Info:    [ProfileManager] Profile loading: Succeeded for ENE DRAM @ I2C: /dev/i2c-1, address 0x72
1783  |Info:    [ProfileManager] Profile loading: Succeeded for ENE DRAM @ I2C: /dev/i2c-1, address 0x73
1783  |Info:    [ProfileManager] Profile loading: Succeeded for Palit GeForce RTX 4090 Gamerock @ I2C: /dev/i2c-4, address 0x49
1783  |Info:    [ProfileManager] Profile loading: Succeeded for ASUS ROG STRIX B550-A GAMING @ HID: /dev/hidraw7
6410  |Info:    [NetworkServer] Network server started
6947  |ERROR:   [NetworkServer] recv_select failed receiving magic, closing listener
6947  |Info:    [NetworkServer] Closing server connection: 127.0.0.1
7324  |Info:    [NetworkServer] Network server started
7862  |ERROR:   [NetworkServer] recv_select failed receiving magic, closing listener
7862  |Info:    [NetworkServer] Closing server connection: 127.0.0.1
8205  |Info:    [NetworkServer] Network server started
8743  |ERROR:   [NetworkServer] recv_select failed receiving magic, closing listener
8743  |Info:    [NetworkServer] Closing server connection: 127.0.0.1
9125  |Info:    [NetworkServer] Network server started
9662  |ERROR:   [NetworkServer] recv_select failed receiving magic, closing listener
9662  |Info:    [NetworkServer] Closing server connection: 127.0.0.1
10036 |Info:    [NetworkServer] Network server started
10573 |ERROR:   [NetworkServer] recv_select failed receiving magic, closing listener
10573 |Info:    [NetworkServer] Closing server connection: 127.0.0.1
21290 |Info:    [NetworkServer] Network server started
