    OpenRGB v0.9+ (1.0rc1)
    Commit:  from 
    Launched: 20250905_170323
====================================================================================================

4     |Info:    [ProfileManager] Found file: pink.orp attempting to validate header
5     |Info:    [ProfileManager] Valid v5 profile found for pink
60    |Info:    [ResourceManager] Initializing HID interfaces: Success
60    |Info:    ------------------------------------------------------
60    |Info:    |               Start device detection               |
60    |Info:    ------------------------------------------------------
70    |Info:    ------------------------------------------------------
70    |Info:    |             Detecting I2C interfaces               |
70    |Info:    ------------------------------------------------------
71    |Info:    [ResourceManager] Registering I2C interface: /dev/i2c-3 Device 1022:790B Subsystem: 1043:87C0
71    |Info:    [ResourceManager] Registering I2C interface: /dev/i2c-1 Device 1022:790B Subsystem: 1043:87C0
71    |Info:    [ResourceManager] Registering I2C interface: /dev/i2c-8 Device 10DE:2684 Subsystem: 1569:F296
71    |Info:    [ResourceManager] Registering I2C interface: /dev/i2c-6 Device 10DE:2684 Subsystem: 1569:F296
71    |Info:    [ResourceManager] Registering I2C interface: /dev/i2c-4 Device 10DE:2684 Subsystem: 1569:F296
71    |Info:    [ResourceManager] Registering I2C interface: /dev/i2c-2 Device 1022:790B Subsystem: 1043:87C0
71    |Info:    [ResourceManager] Registering I2C interface: /dev/i2c-0 Device 0000:0000 Subsystem: 0000:0000
71    |Info:    [ResourceManager] Registering I2C interface: /dev/i2c-9 Device 10DE:2684 Subsystem: 1569:F296
71    |Info:    [ResourceManager] Registering I2C interface: /dev/i2c-7 Device 10DE:2684 Subsystem: 1569:F296
71    |Info:    [ResourceManager] Registering I2C interface: /dev/i2c-5 Device 10DE:2684 Subsystem: 1569:F296
71    |Info:    ------------------------------------------------------
71    |Info:    |               Detecting I2C devices                |
71    |Info:    ------------------------------------------------------
443   |Info:    [ENE DRAM] Registering RGB controller
610   |Info:    [ENE DRAM] Registering RGB controller
1585  |Info:    ------------------------------------------------------
1585  |Info:    |            Detecting I2C DIMM modules              |
1585  |Info:    ------------------------------------------------------
1720  |Info:    ------------------------------------------------------
1720  |Info:    |               Detecting I2C PCI devices            |
1720  |Info:    ------------------------------------------------------
1721  |Info:    [Palit GeForce RTX 4090 Gamerock] Registering RGB controller
1721  |Info:    ------------------------------------------------------
1721  |Info:    |               Detecting HID devices                |
1721  |Info:    ------------------------------------------------------
1747  |Info:    [ASUS ROG STRIX B550-A GAMING] Registering RGB controller
1747  |Info:    ------------------------------------------------------
1747  |Info:    |            Detecting libusb HID devices            |
1747  |Info:    ------------------------------------------------------
1795  |Info:    ------------------------------------------------------
1795  |Info:    |              Detecting other devices               |
1795  |Info:    ------------------------------------------------------
1819  |Info:    [ResourceManager] Calling Post-detection callbacks
1819  |Info:    ------------------------------------------------------
1819  |Info:    |                Detection completed                 |
1819  |Info:    ------------------------------------------------------
1819  |Dialog:  <h2>WARNING:</h2><p>Multiple OpenRGB udev rules are installed.</p><p>The udev rules file 60-openrgb.rules is installed in both /etc/udev/rules.d and /usr/lib/udev/rules.d.</p><p>Multiple udev rules files can conflict, it is recommended to remove one of them.</p>
1819  |Info:    [NetworkServer] Network connection thread started on port 6742
1819  |Info:    [ProfileManager] Profile loading: Succeeded for ENE DRAM @ I2C: /dev/i2c-1, address 0x72
1819  |Info:    [ProfileManager] Profile loading: Succeeded for ENE DRAM @ I2C: /dev/i2c-1, address 0x73
1819  |Info:    [ProfileManager] Profile loading: Succeeded for Palit GeForce RTX 4090 Gamerock @ I2C: /dev/i2c-4, address 0x49
1819  |Info:    [ProfileManager] Profile loading: Succeeded for ASUS ROG STRIX B550-A GAMING @ HID: /dev/hidraw7
8398  |Info:    [NetworkServer] Network server started
8935  |ERROR:   [NetworkServer] recv_select failed receiving magic, closing listener
8935  |Info:    [NetworkServer] Closing server connection: 127.0.0.1
9077  |Info:    [NetworkServer] Network server started
9615  |ERROR:   [NetworkServer] recv_select failed receiving magic, closing listener
9615  |Info:    [NetworkServer] Closing server connection: 127.0.0.1
9991  |Info:    [NetworkServer] Network server started
10528 |ERROR:   [NetworkServer] recv_select failed receiving magic, closing listener
10528 |Info:    [NetworkServer] Closing server connection: 127.0.0.1
10813 |Info:    [NetworkServer] Network server started
11350 |ERROR:   [NetworkServer] recv_select failed receiving magic, closing listener
11350 |Info:    [NetworkServer] Closing server connection: 127.0.0.1
11727 |Info:    [NetworkServer] Network server started
12264 |ERROR:   [NetworkServer] recv_select failed receiving magic, closing listener
12264 |Info:    [NetworkServer] Closing server connection: 127.0.0.1
15333 |Info:    [NetworkServer] Network server started
