    OpenRGB v0.9+ (1.0rc1)
    Commit:  from 
    Launched: 20250819_181824
====================================================================================================

0     |Info:    [ProfileManager] Found file: pink.orp attempting to validate header
0     |Info:    [ProfileManager] Valid v4 profile found for pink
622   |Info:    [ResourceManager] Calling Post-detection callbacks
622   |Info:    ------------------------------------------------------
622   |Info:    |                Detection completed                 |
622   |Info:    ------------------------------------------------------
3037  |Info:    [ProfileManager] Profile loading: Succeeded for ENE DRAM @ I2C: /dev/i2c-1, address 0x72
3037  |Info:    [ProfileManager] Profile loading: Succeeded for ENE DRAM @ I2C: /dev/i2c-1, address 0x73
3037  |Info:    [ProfileManager] Profile loading: FAILED! for Palit GeForce RTX 4090 Gamerock @ I2C: /dev/i2c-4, address 0x49
3037  |Info:    [ProfileManager] Profile loading: FAILED! for ASUS ROG STRIX B550-A GAMING @ HID: /dev/hidraw7
3037  |Info:    [ProfileManager] Profile loading: Succeeded for Keychron Gaming Keyboard 1 @ HID: /dev/hidraw13
10372 |Info:    [ProfileManager] Profile loading: Succeeded for ENE DRAM @ I2C: /dev/i2c-1, address 0x72
10372 |Info:    [ProfileManager] Profile loading: Succeeded for ENE DRAM @ I2C: /dev/i2c-1, address 0x73
10372 |Info:    [ProfileManager] Profile loading: FAILED! for Palit GeForce RTX 4090 Gamerock @ I2C: /dev/i2c-4, address 0x49
10372 |Info:    [ProfileManager] Profile loading: FAILED! for ASUS ROG STRIX B550-A GAMING @ HID: /dev/hidraw7
10372 |Info:    [ProfileManager] Profile loading: Succeeded for Keychron Gaming Keyboard 1 @ HID: /dev/hidraw13
22560 |Info:    [ProfileManager] Found file: pink.orp attempting to validate header
22560 |Info:    [ProfileManager] Valid v5 profile found for pink
23647 |Info:    [ProfileManager] Found file: pink.orp attempting to validate header
23647 |Info:    [ProfileManager] Valid v5 profile found for pink
23801 |Info:    [ProfileManager] Found file: pink.orp attempting to validate header
23801 |Info:    [ProfileManager] Valid v5 profile found for pink
23929 |Info:    [ProfileManager] Found file: pink.orp attempting to validate header
23929 |Info:    [ProfileManager] Valid v5 profile found for pink
24075 |Info:    [ProfileManager] Found file: pink.orp attempting to validate header
24075 |Info:    [ProfileManager] Valid v5 profile found for pink
26363 |Info:    [ProfileManager] Found file: pink.orp attempting to validate header
26363 |Info:    [ProfileManager] Valid v5 profile found for pink
