    OpenRGB v0.9+ (1.0rc1)
    Commit:  from 
    Launched: 20250907_000915
====================================================================================================

5     |Info:    [ProfileManager] Found file: pink.orp attempting to validate header
7     |Info:    [ProfileManager] Valid v5 profile found for pink
62    |Info:    [ResourceManager] Initializing HID interfaces: Success
62    |Info:    ------------------------------------------------------
62    |Info:    |               Start device detection               |
62    |Info:    ------------------------------------------------------
72    |Info:    ------------------------------------------------------
72    |Info:    |             Detecting I2C interfaces               |
72    |Info:    ------------------------------------------------------
72    |Info:    [ResourceManager] Registering I2C interface: /dev/i2c-3 Device 1022:790B Subsystem: 1043:87C0
72    |Info:    [ResourceManager] Registering I2C interface: /dev/i2c-1 Device 1022:790B Subsystem: 1043:87C0
72    |Info:    [ResourceManager] Registering I2C interface: /dev/i2c-8 Device 10DE:2684 Subsystem: 1569:F296
72    |Info:    [ResourceManager] Registering I2C interface: /dev/i2c-6 Device 10DE:2684 Subsystem: 1569:F296
72    |Info:    [ResourceManager] Registering I2C interface: /dev/i2c-4 Device 10DE:2684 Subsystem: 1569:F296
72    |Info:    [ResourceManager] Registering I2C interface: /dev/i2c-2 Device 1022:790B Subsystem: 1043:87C0
72    |Info:    [ResourceManager] Registering I2C interface: /dev/i2c-0 Device 0000:0000 Subsystem: 0000:0000
73    |Info:    [ResourceManager] Registering I2C interface: /dev/i2c-9 Device 10DE:2684 Subsystem: 1569:F296
73    |Info:    [ResourceManager] Registering I2C interface: /dev/i2c-7 Device 10DE:2684 Subsystem: 1569:F296
73    |Info:    [ResourceManager] Registering I2C interface: /dev/i2c-5 Device 10DE:2684 Subsystem: 1569:F296
73    |Info:    ------------------------------------------------------
73    |Info:    |               Detecting I2C devices                |
73    |Info:    ------------------------------------------------------
400   |Info:    [ENE DRAM] Registering RGB controller
565   |Info:    [ENE DRAM] Registering RGB controller
1560  |Info:    ------------------------------------------------------
1560  |Info:    |            Detecting I2C DIMM modules              |
1560  |Info:    ------------------------------------------------------
1693  |Info:    ------------------------------------------------------
1693  |Info:    |               Detecting I2C PCI devices            |
1693  |Info:    ------------------------------------------------------
1694  |Info:    [Palit GeForce RTX 4090 Gamerock] Registering RGB controller
1695  |Info:    ------------------------------------------------------
1695  |Info:    |               Detecting HID devices                |
1695  |Info:    ------------------------------------------------------
1718  |Info:    [ASUS ROG STRIX B550-A GAMING] Registering RGB controller
1719  |Info:    ------------------------------------------------------
1719  |Info:    |            Detecting libusb HID devices            |
1719  |Info:    ------------------------------------------------------
1770  |Info:    ------------------------------------------------------
1770  |Info:    |              Detecting other devices               |
1770  |Info:    ------------------------------------------------------
1798  |Info:    [ResourceManager] Calling Post-detection callbacks
1798  |Info:    ------------------------------------------------------
1798  |Info:    |                Detection completed                 |
1798  |Info:    ------------------------------------------------------
1798  |Dialog:  <h2>WARNING:</h2><p>Multiple OpenRGB udev rules are installed.</p><p>The udev rules file 60-openrgb.rules is installed in both /etc/udev/rules.d and /usr/lib/udev/rules.d.</p><p>Multiple udev rules files can conflict, it is recommended to remove one of them.</p>
1798  |Info:    [NetworkServer] Network connection thread started on port 6742
1798  |Info:    [ProfileManager] Profile loading: Succeeded for ENE DRAM @ I2C: /dev/i2c-1, address 0x72
1798  |Info:    [ProfileManager] Profile loading: Succeeded for ENE DRAM @ I2C: /dev/i2c-1, address 0x73
1798  |Info:    [ProfileManager] Profile loading: Succeeded for Palit GeForce RTX 4090 Gamerock @ I2C: /dev/i2c-4, address 0x49
1798  |Info:    [ProfileManager] Profile loading: Succeeded for ASUS ROG STRIX B550-A GAMING @ HID: /dev/hidraw7
12858 |Info:    [NetworkServer] Network server started
13396 |ERROR:   [NetworkServer] recv_select failed receiving magic, closing listener
13396 |Info:    [NetworkServer] Closing server connection: 127.0.0.1
13604 |Info:    [NetworkServer] Network server started
14141 |ERROR:   [NetworkServer] recv_select failed receiving magic, closing listener
14141 |Info:    [NetworkServer] Closing server connection: 127.0.0.1
14356 |Info:    [NetworkServer] Network server started
14894 |ERROR:   [NetworkServer] recv_select failed receiving magic, closing listener
14894 |Info:    [NetworkServer] Closing server connection: 127.0.0.1
15105 |Info:    [NetworkServer] Network server started
15642 |ERROR:   [NetworkServer] recv_select failed receiving magic, closing listener
15642 |Info:    [NetworkServer] Closing server connection: 127.0.0.1
15855 |Info:    [NetworkServer] Network server started
16392 |ERROR:   [NetworkServer] recv_select failed receiving magic, closing listener
16392 |Info:    [NetworkServer] Closing server connection: 127.0.0.1
29559 |Info:    [NetworkServer] Network server started
