    OpenRGB v0.9+ (1.0rc1)
    Commit:  from 
    Launched: 20250904_164606
====================================================================================================

7     |Info:    [ProfileManager] Found file: pink.orp attempting to validate header
8     |Info:    [ProfileManager] Valid v5 profile found for pink
62    |Info:    [ResourceManager] Initializing HID interfaces: Success
62    |Info:    ------------------------------------------------------
62    |Info:    |               Start device detection               |
62    |Info:    ------------------------------------------------------
72    |Info:    ------------------------------------------------------
72    |Info:    |             Detecting I2C interfaces               |
72    |Info:    ------------------------------------------------------
72    |Info:    [ResourceManager] Registering I2C interface: /dev/i2c-3 Device 1022:790B Subsystem: 1043:87C0
72    |Info:    [ResourceManager] Registering I2C interface: /dev/i2c-1 Device 1022:790B Subsystem: 1043:87C0
72    |Info:    [ResourceManager] Registering I2C interface: /dev/i2c-8 Device 10DE:2684 Subsystem: 1569:F296
72    |Info:    [ResourceManager] Registering I2C interface: /dev/i2c-6 Device 10DE:2684 Subsystem: 1569:F296
72    |Info:    [ResourceManager] Registering I2C interface: /dev/i2c-4 Device 10DE:2684 Subsystem: 1569:F296
73    |Info:    [ResourceManager] Registering I2C interface: /dev/i2c-2 Device 1022:790B Subsystem: 1043:87C0
73    |Info:    [ResourceManager] Registering I2C interface: /dev/i2c-0 Device 0000:0000 Subsystem: 0000:0000
73    |Info:    [ResourceManager] Registering I2C interface: /dev/i2c-9 Device 10DE:2684 Subsystem: 1569:F296
73    |Info:    [ResourceManager] Registering I2C interface: /dev/i2c-7 Device 10DE:2684 Subsystem: 1569:F296
73    |Info:    [ResourceManager] Registering I2C interface: /dev/i2c-5 Device 10DE:2684 Subsystem: 1569:F296
73    |Info:    ------------------------------------------------------
73    |Info:    |               Detecting I2C devices                |
73    |Info:    ------------------------------------------------------
401   |Info:    [ENE DRAM] Registering RGB controller
564   |Info:    [ENE DRAM] Registering RGB controller
1535  |Info:    ------------------------------------------------------
1535  |Info:    |            Detecting I2C DIMM modules              |
1535  |Info:    ------------------------------------------------------
1669  |Info:    ------------------------------------------------------
1669  |Info:    |               Detecting I2C PCI devices            |
1669  |Info:    ------------------------------------------------------
1670  |Info:    [Palit GeForce RTX 4090 Gamerock] Registering RGB controller
1671  |Info:    ------------------------------------------------------
1671  |Info:    |               Detecting HID devices                |
1671  |Info:    ------------------------------------------------------
1697  |Info:    [ASUS ROG STRIX B550-A GAMING] Registering RGB controller
1697  |Info:    ------------------------------------------------------
1697  |Info:    |            Detecting libusb HID devices            |
1697  |Info:    ------------------------------------------------------
1749  |Info:    ------------------------------------------------------
1749  |Info:    |              Detecting other devices               |
1749  |Info:    ------------------------------------------------------
1772  |Info:    [ResourceManager] Calling Post-detection callbacks
1772  |Info:    ------------------------------------------------------
1772  |Info:    |                Detection completed                 |
1772  |Info:    ------------------------------------------------------
1772  |Dialog:  <h2>WARNING:</h2><p>Multiple OpenRGB udev rules are installed.</p><p>The udev rules file 60-openrgb.rules is installed in both /etc/udev/rules.d and /usr/lib/udev/rules.d.</p><p>Multiple udev rules files can conflict, it is recommended to remove one of them.</p>
1773  |Info:    [NetworkServer] Network connection thread started on port 6742
1773  |Info:    [ProfileManager] Profile loading: Succeeded for ENE DRAM @ I2C: /dev/i2c-1, address 0x72
1773  |Info:    [ProfileManager] Profile loading: Succeeded for ENE DRAM @ I2C: /dev/i2c-1, address 0x73
1773  |Info:    [ProfileManager] Profile loading: Succeeded for Palit GeForce RTX 4090 Gamerock @ I2C: /dev/i2c-4, address 0x49
1773  |Info:    [ProfileManager] Profile loading: Succeeded for ASUS ROG STRIX B550-A GAMING @ HID: /dev/hidraw6
6953  |Info:    [NetworkServer] Network server started
9615  |Info:    [NetworkServer] Network server started
10151 |ERROR:   [NetworkServer] recv_select failed receiving magic, closing listener
10151 |Info:    [NetworkServer] Closing server connection: 127.0.0.1
10528 |Info:    [NetworkServer] Network server started
11065 |ERROR:   [NetworkServer] recv_select failed receiving magic, closing listener
11065 |Info:    [NetworkServer] Closing server connection: 127.0.0.1
11439 |Info:    [NetworkServer] Network server started
11977 |ERROR:   [NetworkServer] recv_select failed receiving magic, closing listener
11977 |Info:    [NetworkServer] Closing server connection: 127.0.0.1
12360 |Info:    [NetworkServer] Network server started
12898 |ERROR:   [NetworkServer] recv_select failed receiving magic, closing listener
12898 |Info:    [NetworkServer] Closing server connection: 127.0.0.1
13286 |Info:    [NetworkServer] Network server started
13823 |ERROR:   [NetworkServer] recv_select failed receiving magic, closing listener
13823 |Info:    [NetworkServer] Closing server connection: 127.0.0.1
