    OpenRGB v0.9+ (1.0rc1)
    Commit:  from 
    Launched: 20250819_181142
====================================================================================================

0     |Info:    [ProfileManager] Found file: pink.orp attempting to validate header
0     |Info:    [ProfileManager] Valid v4 profile found for pink
622   |Info:    [ResourceManager] Calling Post-detection callbacks
622   |Info:    ------------------------------------------------------
622   |Info:    |                Detection completed                 |
622   |Info:    ------------------------------------------------------
2964  |Info:    [ProfileManager] Profile loading: Succeeded for ENE DRAM @ I2C: /dev/i2c-1, address 0x72
2964  |Info:    [ProfileManager] Profile loading: Succeeded for ENE DRAM @ I2C: /dev/i2c-1, address 0x73
2964  |Info:    [ProfileManager] Profile loading: FAILED! for Palit GeForce RTX 4090 Gamerock @ I2C: /dev/i2c-4, address 0x49
2964  |Info:    [ProfileManager] Profile loading: FAILED! for ASUS ROG STRIX B550-A GAMING @ HID: /dev/hidraw7
2964  |Info:    [ProfileManager] Profile loading: Succeeded for Keychron Gaming Keyboard 1 @ HID: /dev/hidraw13
13975 |Info:    [ProfileManager] Profile loading: Succeeded for ENE DRAM @ I2C: /dev/i2c-1, address 0x72
13975 |Info:    [ProfileManager] Profile loading: Succeeded for ENE DRAM @ I2C: /dev/i2c-1, address 0x73
13975 |Info:    [ProfileManager] Profile loading: FAILED! for Palit GeForce RTX 4090 Gamerock @ I2C: /dev/i2c-4, address 0x49
13975 |Info:    [ProfileManager] Profile loading: FAILED! for ASUS ROG STRIX B550-A GAMING @ HID: /dev/hidraw7
13975 |Info:    [ProfileManager] Profile loading: Succeeded for Keychron Gaming Keyboard 1 @ HID: /dev/hidraw13
